500
7
2
g-h 1
ejj-h 1
8
1
h-i 676
499
221
i-ejj 5
be-ejj 1
bha-ejj 4
je-ejj 3
dda-ejj 2
dge-ejj 3
cae-ejj 2
gi-ejj 3
dg-ejj 3
dea-ejj 3
ca-ejj 4
cde-ejj 2
bda-ejj 2
bac-ejj 5
cci-ejj 2
ig-ejj 2
ejc-ejj 3
fc-ejj 3
ehi-ejj 2
bag-ejj 2
eda-ejj 1
cdi-ejj 4
dia-ejj 2
bie-ejj 3
dhe-ejj 5
bgi-ejj 3
big-ejj 2
egg-ejj 2
cgg-ejj 1
dhg-ejj 2
cfi-ejj 1
cjg-ejj 3
dha-ejj 2
ba-ejj 3
bdc-ejj 2
cee-ejj 3
eeg-ejj 3
he-ejj 5
efa-ejj 1
cia-ejj 2
dde-ejj 3
bde-ejj 4
dja-ejj 4
cfa-ejj 4
bec-ejj 4
ee-ejj 5
ccg-ejj 4
eac-ejj 2
cje-ejj 5
efe-ejj 3
fi-ejj 1
eag-ejj 3
bbg-ejj 4
dji-ejj 1
cc-ejj 3
dbg-ejj 2
bae-ejj 4
ege-ejj 3
efc-ejj 3
bei-ejj 4
bgc-ejj 1
eie-ejj 3
bee-ejj 4
eii-ejj 5
cdg-ejj 5
ede-ejj 3
eei-ejj 2
dhc-ejj 5
daa-ejj 2
dfg-ejj 4
ji-ejj 4
bga-ejj 1
hi-ejj 3
eig-ejj 1
ebg-ejj 5
fe-ejj 4
dce-ejj 3
cfg-ejj 1
ehe-ejj 3
dac-ejj 3
cgi-ejj 3
cie-ejj 4
bje-ejj 2
bgg-ejj 4
eic-ejj 1
dii-ejj 3
eje-ejj 2
caa-ejj 4
eai-ejj 3
ja-ejj 3
efi-ejj 2
cbg-ejj 2
eg-ejj 4
ecc-ejj 2
die-ejj 4
ha-ejj 4
bcg-ejj 3
eha-ejj 2
egi-ejj 2
chg-ejj 5
dcc-ejj 1
cea-ejj 3
cii-ejj 4
jc-ejj 1
dba-ejj 5
eea-ejj 2
edg-ejj 1
dfi-ejj 2
dc-ejj 4
bic-ejj 5
ge-ejj 4
ddg-ejj 2
edi-ejj 3
dca-ejj 5
bi-ejj 5
bai-ejj 2
cic-ejj 3
bc-ejj 5
ddc-ejj 3
e-ejj 3
bbc-ejj 4
bii-ejj 4
bba-ejj 3
a-ejj 2
cjc-ejj 3
ddi-ejj 2
dec-ejj 1
ce-ejj 2
cei-ejj 3
hc-ejj 4
ceg-ejj 3
dai-ejj 5
dag-ejj 3
fg-ejj 1
cja-ejj 4
bhc-ejj 4
ec-ejj 4
dhi-ejj 2
edc-ejj 1
ejg-ejj 2
cge-ejj 3
ci-ejj 3
bfa-ejj 3
eia-ejj 3
dee-ejj 2
eji-ejj 2
cbc-ejj 1
dci-ejj 1
che-ejj 2
chc-ejj 4
bfi-ejj 3
gg-ejj 2
bdg-ejj 1
ia-ejj 1
dei-ejj 2
bja-ejj 1
eee-ejj 1
dae-ejj 1
cha-ejj 2
ecg-ejj 1
djc-ejj 2
di-ejj 2
cac-ejj 2
gc-ejj 2
ebc-ejj 2
eca-ejj 2
ga-ejj 2
bea-ejj 5
fa-ejj 2
bfg-ejj 2
dig-ejj 1
djg-ejj 3
cig-ejj 1
cbe-ejj 1
cgc-ejj 1
bia-ejj 2
hg-ejj 3
bdi-ejj 2
bcc-ejj 1
eja-ejj 3
bci-ejj 1
ic-ejj 2
egc-ejj 1
bhg-ejj 2
ehg-ejj 2
eba-ejj 2
baa-ejj 1
ccc-ejj 3
beg-ejj 2
bge-ejj 2
bjc-ejj 2
ebi-ejj 1
cdc-ejj 1
g-ejj 1
ece-ejj 2
cfc-ejj 1
bhe-ejj 5
bjg-ejj 2
jg-ejj 1
cg-ejj 1
eae-ejj 3
ehc-ejj 1
bfc-ejj 1
dje-ejj 2
cec-ejj 1
eci-ejj 1
dga-ejj 1
eaa-ejj 2
cji-ejj 2
cca-ejj 1
bbe-ejj 1
ebe-ejj 4
dgi-ejj 1
bhi-ejj 1
ie-ejj 1
bfe-ejj 2
de-ejj 1
dfc-ejj 2
dcg-ejj 2
cda-ejj 1
dic-ejj 1
23
2
ejj-cd 1
cc-cd 1
24
1
cd-ce 676
25
2
ce-cf 1
ejj-cf 1
26
1
cf-cg 676
369
2
ejj-dgj 1
dgi-dgj 2
370
1
dgj-dha 676
371
2
dha-dhb 4
ejj-dhb 1
372
1
dhb-dhc 676
373
2
ejj-dhd 1
dhc-dhd 1
374
1
dhd-dhe 676
375
2
dhe-dhf 1
ejj-dhf 1
376
1
dhf-dhg 676
488
1
eih-eii 676
489
2
ejj-eij 1
eii-eij 1
490
1
eij-eja 676
11
2
ejj-bb 1
ba-bb 1
12
1
bb-bc 676
75
2
he-hf 3
ejj-hf 1
76
1
hf-hg 676
77
2
hg-hh 1
ejj-hh 1
78
1
hh-hi 676
457
2
efg-efh 2
ejj-efh 1
189
2
ejj-bij 1
bii-bij 1
190
1
bij-bja 676
191
2
ejj-bjb 1
bja-bjb 4
192
1
bjb-bjc 676
193
2
ejj-bjd 1
bjc-bjd 2
194
1
bjd-bje 676
195
2
ejj-bjf 1
bje-bjf 5
196
1
bjf-bjg 676
197
2
ejj-bjh 1
bjg-bjh 4
71
2
ha-hb 2
ejj-hb 1
72
1
hb-hc 676
73
2
ejj-hd 1
hc-hd 3
74
1
hd-he 676
145
2
ejj-bef 1
bee-bef 1
146
1
bef-beg 676
365
2
ejj-dgf 1
dge-dgf 2
366
1
dgf-dgg 676
367
2
dgg-dgh 4
ejj-dgh 1
368
1
dgh-dgi 676
377
2
ejj-dhh 1
dhg-dhh 2
378
1
dhh-dhi 676
379
2
dhi-dhj 5
ejj-dhj 1
380
1
dhj-dia 676
259
2
ejj-cfj 1
cfi-cfj 1
260
1
cfj-cga 676
261
2
ejj-cgb 1
cga-cgb 5
262
1
cgb-cgc 676
347
2
deg-deh 5
ejj-deh 1
348
1
deh-dei 676
349
2
ejj-dej 1
dei-dej 4
350
1
dej-dfa 676
351
1
dfa-dfb 676
352
1
dfb-dfc 676
435
2
ejj-edf 1
ede-edf 4
460
1
efj-ega 676
461
2
ejj-egb 1
ega-egb 3
462
1
egb-egc 676
463
2
ejj-egd 1
egc-egd 5
464
1
egd-ege 676
387
2
dig-dih 1
ejj-dih 1
388
1
dih-dii 676
389
2
dii-dij 4
ejj-dij 1
420
1
ebj-eca 676
421
2
ejj-ecb 1
eca-ecb 3
422
1
ecb-ecc 676
217
2
cbg-cbh 1
ejj-cbh 1
218
1
cbh-cbi 676
219
2
cbi-cbj 2
ejj-cbj 1
220
1
cbj-cca 676
281
2
cia-cib 5
ejj-cib 1
282
1
cib-cic 676
163
2
bgc-bgd 1
ejj-bgd 1
275
2
che-chf 1
ejj-chf 1
276
1
chf-chg 676
121
2
ejj-bcb 1
bca-bcb 1
122
1
bcb-bcc 676
131
2
bda-bdb 1
ejj-bdb 1
132
1
bdb-bdc 676
31
2
da-db 2
ejj-db 1
32
1
db-dc 676
33
2
ejj-dd 1
dc-dd 5
34
1
dd-de 676
35
2
ejj-df 1
de-df 3
36
1
df-dg 676
151
2
ejj-bfb 1
bfa-bfb 3
152
1
bfb-bfc 676
40
1
dj-ea 676
41
2
ea-eb 5
ejj-eb 1
42
1
eb-ec 676
43
2
ec-ed 5
ejj-ed 1
44
1
ed-ee 676
45
2
ee-ef 5
ejj-ef 1
46
1
ef-eg 676
233
2
ejj-cdd 1
cdc-cdd 1
234
1
cdd-cde 676
235
2
cde-cdf 4
ejj-cdf 1
236
1
cdf-cdg 676
237
2
cdg-cdh 4
ejj-cdh 1
238
1
cdh-cdi 676
239
2
cdi-cdj 1
ejj-cdj 1
240
1
cdj-cea 676
137
2
ejj-bdh 1
bdg-bdh 4
138
1
bdh-bdi 676
139
2
bdi-bdj 2
ejj-bdj 1
140
1
bdj-bea 676
141
2
ejj-beb 1
bea-beb 1
142
1
beb-bec 676
143
2
ejj-bed 1
bec-bed 1
144
1
bed-bee 676
147
2
beg-beh 4
ejj-beh 1
148
1
beh-bei 676
455
2
ejj-eff 1
efe-eff 1
456
1
eff-efg 676
458
1
efh-efi 676
459
2
efi-efj 2
ejj-efj 1
385
2
ejj-dif 1
die-dif 5
386
1
dif-dig 676
390
1
dij-dja 676
391
2
dja-djb 1
ejj-djb 1
475
2
ehe-ehf 2
ejj-ehf 1
476
1
ehf-ehg 676
477
2
ehg-ehh 3
ejj-ehh 1
129
2
ejj-bcj 1
bci-bcj 1
130
1
bcj-bda 676
133
2
bdc-bdd 1
ejj-bdd 1
134
1
bdd-bde 676
135
2
ejj-bdf 1
bde-bdf 3
136
1
bdf-bdg 676
343
2
dec-ded 1
ejj-ded 1
344
1
ded-dee 676
39
2
di-dj 1
ejj-dj 1
55
2
fe-ff 1
ejj-ff 1
247
2
ceg-ceh 5
ejj-ceh 1
248
1
ceh-cei 676
249
1
cei-cej 676
250
1
cej-cfa 676
291
2
ejj-cjb 1
cja-cjb 2
292
1
cjb-cjc 676
293
2
cjc-cjd 2
ejj-cjd 1
294
1
cjd-cje 676
176
1
bhf-bhg 676
149
2
bei-bej 1
ejj-bej 1
150
1
bej-bfa 676
153
2
bfc-bfd 2
ejj-bfd 1
154
1
bfd-bfe 676
346
1
def-deg 676
229
2
cci-ccj 1
ejj-ccj 1
157
2
bfg-bfh 1
ejj-bfh 1
158
1
bfh-bfi 676
159
2
ejj-bfj 1
bfi-bfj 3
305
2
dae-daf 4
ejj-daf 1
306
1
daf-dag 676
307
2
ejj-dah 1
dag-dah 1
319
2
dbi-dbj 4
ejj-dbj 1
320
1
dbj-dca 676
167
2
ejj-bgh 1
bgg-bgh 1
168
1
bgh-bgi 676
3
2
c-d 2
ejj-d 1
4
1
d-e 676
5
2
ejj-f 1
e-f 1
6
1
f-g 676
383
2
ejj-did 1
dic-did 1
384
1
did-die 676
172
1
bhb-bhc 676
173
2
bhc-bhd 5
ejj-bhd 1
174
1
bhd-bhe 676
155
2
ejj-bff 1
bfe-bff 1
156
1
bff-bfg 676
69
2
gi-gj 3
ejj-gj 1
70
1
gj-ha 676
361
2
ejj-dgb 1
dga-dgb 2
468
1
egh-egi 676
469
2
ejj-egj 1
egi-egj 5
470
1
egj-eha 676
471
2
ejj-ehb 1
eha-ehb 1
472
1
ehb-ehc 676
473
2
ehc-ehd 4
ejj-ehd 1
474
1
ehd-ehe 676
205
2
ejj-caf 1
cae-caf 2
206
1
caf-cag 676
207
1
cag-cah 676
208
1
cah-cai 676
209
2
cai-caj 1
ejj-caj 1
210
1
caj-cba 676
110
1
baj-bba 676
111
2
bba-bbb 2
ejj-bbb 1
112
1
bbb-bbc 676
491
2
ejj-ejb 1
eja-ejb 1
492
1
ejb-ejc 676
165
2
bge-bgf 1
ejj-bgf 1
263
2
ejj-cgd 2
cgc-cgd 1
264
1
cgd-cge 676
358
1
dfh-dfi 676
359
2
ejj-dfj 1
dfi-dfj 1
360
1
dfj-dga 676
184
1
bid-bie 676
37
2
ejj-dh 1
dg-dh 1
38
1
dh-di 676
81
2
ia-ib 2
ejj-ib 1
82
1
ib-ic 676
255
2
ejj-cff 1
cfe-cff 1
256
1
cff-cfg 676
257
2
cfg-cfh 3
ejj-cfh 1
258
1
cfh-cfi 676
322
1
dcb-dcc 676
323
2
dcc-dcd 5
ejj-dcd 1
108
1
bah-bai 676
109
2
bai-baj 2
ejj-baj 1
61
2
ejj-gb 2
ga-gb 1
62
1
gb-gc 676
63
2
gc-gd 1
ejj-gd 1
64
1
gd-ge 676
65
2
ge-gf 5
ejj-gf 1
66
1
gf-gg 676
331
2
ejj-ddb 1
dda-ddb 2
304
1
dad-dae 676
160
1
bfj-bga 676
161
1
bga-bgb 676
162
1
bgb-bgc 676
164
1
bgd-bge 676
79
2
hi-hj 1
ejj-hj 1
80
1
hj-ia 676
83
2
ic-id 1
ejj-id 1
84
1
id-ie 676
85
2
ejj-if 1
ie-if 2
86
1
if-ig 676
200
1
bjj-caa 676
271
2
cha-chb 1
ejj-chb 1
272
1
chb-chc 676
437
2
edg-edh 1
ejj-edh 1
438
1
edh-edi 676
181
2
ejj-bib 1
bia-bib 1
345
2
ejj-def 1
dee-def 3
493
2
ejj-ejd 1
ejc-ejd 1
494
1
ejd-eje 676
495
2
ejj-ejf 1
eje-ejf 2
496
1
ejf-ejg 676
324
1
dcd-dce 676
325
2
ejj-dcf 1
dce-dcf 5
326
1
dcf-dcg 676
87
2
ejj-ih 1
ig-ih 2
88
1
ih-ii 676
392
1
djb-djc 676
393
2
djc-djd 5
ejj-djd 1
394
1
djd-dje 676
395
1
dje-djf 676
396
1
djf-djg 676
265
2
ejj-cgf 1
cge-cgf 4
266
1
cgf-cgg 676
15
2
be-bf 2
ejj-bf 1
16
1
bf-bg 676
17
2
bg-bh 4
ejj-bh 1
18
1
bh-bi 676
327
2
dcg-dch 1
ejj-dch 1
328
1
dch-dci 676
329
2
ejj-dcj 1
dci-dcj 1
330
1
dcj-dda 676
332
1
ddb-ddc 676
333
2
ejj-ddd 1
ddc-ddd 5
334
1
ddd-dde 676
335
2
ejj-ddf 1
dde-ddf 1
412
1
ebb-ebc 676
413
2
ebc-ebd 3
ejj-ebd 1
414
1
ebd-ebe 676
123
2
ejj-bcd 2
bcc-bcd 1
124
1
bcd-bce 676
315
2
ejj-dbf 1
dbe-dbf 4
316
1
dbf-dbg 676
317
2
dbg-dbh 3
ejj-dbh 1
318
1
dbh-dbi 676
13
2
ejj-bd 1
bc-bd 1
185
2
bie-bif 1
ejj-bif 1
186
1
bif-big 676
279
2
ejj-chj 1
chi-chj 1
280
1
chj-cia 676
283
2
cic-cid 5
ejj-cid 1
284
1
cid-cie 676
213
2
cbc-cbd 2
ejj-cbd 1
214
1
cbd-cbe 676
215
2
ejj-cbf 1
cbe-cbf 1
216
1
cbf-cbg 676
321
2
ejj-dcb 1
dca-dcb 1
99
2
ji-jj 5
ejj-jj 1
100
1
jj-baa 676
29
2
ejj-cj 1
ci-cj 1
30
1
cj-da 676
203
2
cac-cad 1
ejj-cad 1
409
2
ejj-eaj 1
eai-eaj 1
113
2
bbc-bbd 5
ejj-bbd 1
114
1
bbd-bbe 676
115
2
bbe-bbf 3
ejj-bbf 1
116
1
bbf-bbg 676
423
2
ejj-ecd 1
ecc-ecd 2
424
1
ecd-ece 676
49
2
ei-ej 2
ejj-ej 1
50
1
ej-fa 676
410
1
eaj-eba 676
411
2
eba-ebb 5
ejj-ebb 1
179
2
bhi-bhj 5
ejj-bhj 1
1
2
a-b 1
ejj-b 1
2
1
b-c 676
415
2
ebe-ebf 3
ejj-ebf 1
416
1
ebf-ebg 676
400
1
djj-eaa 676
401
2
eaa-eab 5
ejj-eab 1
402
1
eab-eac 676
403
2
ejj-ead 1
eac-ead 2
404
1
ead-eae 676
405
2
ejj-eaf 1
eae-eaf 1
406
1
eaf-eag 676
407
2
ejj-eah 1
eag-eah 4
241
2
ejj-ceb 1
cea-ceb 3
357
2
ejj-dfh 1
dfg-dfh 1
362
1
dgb-dgc 676
427
2
ecg-ech 3
ejj-ech 1
428
1
ech-eci 676
267
2
ejj-cgh 1
cgg-cgh 5
433
2
ejj-edd 1
edc-edd 2
434
1
edd-ede 676
436
1
edf-edg 676
224
1
ccd-cce 676
225
2
ejj-ccf 1
cce-ccf 1
226
1
ccf-ccg 676
227
2
ejj-cch 1
ccg-cch 4
228
1
cch-cci 676
230
1
ccj-cda 676
19
2
bi-bj 1
ejj-bj 1
20
1
bj-ca 676
417
2
ebg-ebh 1
ejj-ebh 1
418
1
ebh-ebi 676
419
2
ebi-ebj 3
ejj-ebj 1
303
2
ejj-dad 1
dac-dad 1
308
1
dah-dai 676
309
2
dai-daj 2
ejj-daj 1
310
1
daj-dba 676
381
2
dia-dib 5
ejj-dib 1
382
1
dib-dic 676
9
2
i-j 5
ejj-j 1
10
1
j-ba 676
245
2
ejj-cef 1
cee-cef 1
246
1
cef-ceg 676
429
2
eci-ecj 2
ejj-ecj 1
430
1
ecj-eda 676
431
2
ejj-edb 1
eda-edb 1
432
1
edb-edc 676
59
2
ejj-fj 1
fi-fj 1
60
1
fj-ga 676
180
1
bhj-bia 676
299
2
ejj-cjj 1
cji-cjj 1
231
2
ejj-cdb 1
cda-cdb 1
232
1
cdb-cdc 676
27
2
ejj-ch 1
cg-ch 1
28
1
ch-ci 676
103
2
ejj-bad 1
bac-bad 3
104
1
bad-bae 676
105
2
bae-baf 1
ejj-baf 1
106
1
baf-bag 676
498
1
ejh-eji 676
177
2
ejj-bhh 3
bhg-bhh 1
178
1
bhh-bhi 676
182
1
bib-bic 676
183
2
ejj-bid 1
bic-bid 1
101
2
baa-bab 4
ejj-bab 1
102
1
bab-bac 676
481
2
eia-eib 3
ejj-eib 1
482
1
eib-eic 676
483
2
eic-eid 3
ejj-eid 1
484
1
eid-eie 676
242
1
ceb-cec 676
243
2
ejj-ced 1
cec-ced 2
244
1
ced-cee 676
270
1
cgj-cha 676
363
2
dgc-dgd 2
ejj-dgd 1
364
1
dgd-dge 676
408
1
eah-eai 676
269
1
cgi-cgj 676
98
1
jh-ji 676
67
2
gg-gh 2
ejj-gh 1
68
1
gh-gi 676
56
1
ff-fg 676
57
2
ejj-fh 1
fg-fh 1
58
1
fh-fi 676
273
2
ejj-chd 1
chc-chd 1
274
1
chd-che 676
336
1
ddf-ddg 676
337
1
ddg-ddh 676
338
1
ddh-ddi 676
51
2
fa-fb 5
ejj-fb 1
52
1
fb-fc 676
97
2
ejj-jh 1
jg-jh 1
93
2
jc-jd 4
ejj-jd 1
94
1
jd-je 676
95
2
je-jf 3
ejj-jf 1
187
2
ejj-bih 1
big-bih 2
478
1
ehh-ehi 676
479
2
ejj-ehj 1
ehi-ehj 1
480
1
ehj-eia 676
439
2
ejj-edj 1
edi-edj 2
440
1
edj-eea 676
441
2
ejj-eeb 1
eea-eeb 1
453
2
efc-efd 1
ejj-efd 1
454
1
efd-efe 676
442
1
eeb-eec 676
91
2
ejj-jb 1
ja-jb 2
92
1
jb-jc 676
96
1
jf-jg 676
107
2
ejj-bah 1
bag-bah 1
277
2
chg-chh 5
ejj-chh 1
278
1
chh-chi 676
175
2
bhe-bhf 1
ejj-bhf 1
447
2
ejj-eeh 1
eeg-eeh 1
253
2
ejj-cfd 1
cfc-cfd 1
254
1
cfd-cfe 676
89
2
ejj-ij 2
ii-ij 1
90
1
ij-ja 676
443
2
ejj-eed 1
eec-eed 3
444
1
eed-eee 676
445
2
ejj-eef 1
eee-eef 2
339
2
ddi-ddj 1
ejj-ddj 1
340
1
ddj-dea 676
341
2
ejj-deb 1
dea-deb 1
342
1
deb-dec 676
204
1
cad-cae 676
446
1
eef-eeg 676
286
1
cif-cig 676
287
2
cig-cih 2
ejj-cih 1
288
1
cih-cii 676
289
1
cii-cij 676
21
2
ca-cb 1
ejj-cb 1
22
1
cb-cc 676
199
2
bji-bjj 5
ejj-bjj 1
397
2
djg-djh 1
ejj-djh 1
223
2
ccc-ccd 3
ejj-ccd 1
311
2
ejj-dbb 1
dba-dbb 1
312
1
dbb-dbc 676
313
2
ejj-dbd 1
dbc-dbd 3
198
1
bjh-bji 676
285
2
cie-cif 4
ejj-cif 1
188
1
bih-bii 676
452
1
efb-efc 676
314
1
dbd-dbe 676
425
2
ejj-ecf 1
ece-ecf 2
426
1
ecf-ecg 676
399
2
ejj-djj 1
dji-djj 3
497
2
ejj-ejh 1
ejg-ejh 2
355
2
dfe-dff 3
ejj-dff 1
356
1
dff-dfg 676
300
1
cjj-daa 676
301
1
daa-dab 676
169
2
bgi-bgj 5
ejj-bgj 1
170
1
bgj-bha 676
448
1
eeh-eei 676
117
2
ejj-bbh 2
bbg-bbh 1
118
1
bbh-bbi 676
119
2
ejj-bbj 1
bbi-bbj 1
295
2
cje-cjf 1
ejj-cjf 1
296
1
cjf-cjg 676
297
2
ejj-cjh 1
cjg-cjh 1
298
1
cjh-cji 676
127
2
ejj-bch 1
bcg-bch 2
128
1
bch-bci 676
449
1
eei-eej 676
450
1
eej-efa 676
451
2
efa-efb 3
ejj-efb 1
302
1
dab-dac 676
201
2
caa-cab 4
ejj-cab 1
202
1
cab-cac 676
221
2
cca-ccb 2
ejj-ccb 1
222
1
ccb-ccc 676
290
1
cij-cja 676
166
1
bgf-bgg 676
465
2
ejj-egf 1
ege-egf 1
466
1
egf-egg 676
120
1
bbj-bca 676
14
1
bd-be 676
467
2
ejj-egh 3
egg-egh 1
485
2
eie-eif 4
ejj-eif 1
486
1
eif-eig 676
487
1
eig-eih 676
211
2
ejj-cbb 1
cba-cbb 2
212
1
cbb-cbc 676
47
2
ejj-eh 3
eg-eh 1
48
1
eh-ei 676
53
1
fc-fd 676
268
1
cgh-cgi 676
171
2
bha-bhb 5
ejj-bhb 1
398
1
djh-dji 676
125
2
ejj-bcf 1
bce-bcf 4
126
1
bcf-bcg 676
353
1
dfc-dfd 676
251
2
cfa-cfb 2
ejj-cfb 1
252
1
cfb-cfc 676
0
1
eji-a 676
54
1
fd-fe 676
354
1
dfd-dfe 676
