1632
714
3
fc-hbe 5
fji-hbe 5
edh-hbe 1
1345
2
hbe-bdef 5
bbeg-bdef 1
397
9
beca-djh 5
cjc-djh 5
bdef-djh 5
ebi-djh 5
gdg-djh 5
gai-djh 2
bdh-djh 1
bif-djh 3
djb-djh 2
1011
3
djh-babb 5
ggi-babb 1
edh-babb 1
817
3
babb-ibh 5
eja-ibh 5
bahj-ibh 1
1577
1
ibh-bfhh 1992
1430
3
cbd-beda 5
bfhh-beda 5
bc-beda 1
893
3
hfi-ijd 3
beda-ijd 5
gdh-ijd 1
1487
2
ijd-beih 5
dcc-beih 1
758
3
beih-hfi 5
eci-hfi 5
heb-hfi 1
821
3
hfi-icb 5
fib-icb 1
fhj-icb 1
404
7
bic-eae 5
icb-eae 5
gdc-eae 4
fhi-eae 5
fed-eae 3
edd-eae 1
gai-eae 1
181
3
eae-bib 5
fhc-bib 1
hjj-bib 1
1403
2
bib-bead 4
bafg-bead 1
1361
3
bead-bdgb 5
hig-bdgb 4
fca-bdgb 1
1573
1
bdgb-bfhd 1992
1225
2
bfhd-bccf 5
bajb-bccf 1
1399
2
bccf-bdjj 5
cb-bdjj 1
709
1
bdjj-haj 1992
1195
4
fcj-bbjf 2
haj-bbjf 5
jbg-bbjf 5
dji-bbjf 1
1359
2
hae-bdfj 3
bbjf-bdfj 1
1049
4
bdfj-baej 5
bbhh-baej 5
hih-baej 1
bdij-baej 1
1364
1
baej-bdge 1992
1386
2
bajc-bdig 1
bdge-bdig 5
930
3
bgdf-jda 5
bdig-jda 5
cjb-jda 1
705
5
jji-haf 1
jda-haf 5
gic-haf 1
cdd-haf 1
bbcd-haf 1
1422
2
bcc-becc 1
haf-becc 5
1358
2
jcf-bdfi 1
becc-bdfi 5
1536
1
bdfi-bfdg 1992
545
5
je-fef 5
bfdg-fef 5
bbfh-fef 5
dfe-fef 5
bdad-fef 1
793
2
fef-hjd 5
bbd-hjd 1
1228
2
hjd-bcci 5
bcae-bcci 1
999
3
baea-jjj 1
bcci-jjj 5
edg-jjj 1
1575
2
jjj-bfhf 5
ded-bfhf 1
1266
2
bfhf-bcgg 5
beej-bcgg 1
1477
1
bcgg-behh 1992
1514
1
behh-bfbe 1992
1365
2
fcc-bdgf 1
bfbe-bdgf 4
878
5
bdgf-ihi 5
gjh-ihi 4
jg-ihi 1
bebh-ihi 5
hdb-ihi 2
225
7
bfdd-ccf 1
ga-ccf 5
ihi-ccf 5
dca-ccf 5
jeg-ccf 1
hcc-ccf 1
ghd-ccf 1
1378
3
ccf-bdhi 5
ihe-bdhi 1
hb-bdhi 1
1660
1
bdhi-bgga 1992
1565
2
bgga-bfgf 5
eig-bfgf 1
1188
2
bfgf-bbii 5
jhc-bbii 1
1423
2
bbii-becd 1
fba-becd 1
658
5
becd-gfi 5
ech-gfi 5
ghc-gfi 1
dbd-gfi 1
jeh-gfi 1
1094
4
gfi-baje 5
iej-baje 5
bdab-baje 1
hhe-baje 1
1098
2
baje-baji 5
bhf-baji 1
1608
1
baji-bgai 1992
1437
2
baha-bedh 1
bgai-bedh 1
1505
2
bedh-bfaf 5
hbb-bfaf 1
1342
4
bfaf-bdec 5
cca-bdec 4
ida-bdec 5
bfeg-bdec 1
1537
1
bdec-bfdh 1992
1471
1
bfdh-behb 1992
692
5
hji-gjc 5
gbe-gjc 5
behb-gjc 5
ca-gjc 1
hg-gjc 4
1076
2
gjc-bahg 5
bgc-bahg 1
1372
2
jei-bdhc 1
bahg-bdhc 5
742
4
fai-hec 1
bdda-hec 1
bfjg-hec 1
bdhc-hec 3
1429
2
hec-becj 5
bdbi-becj 1
216
4
becj-cbg 5
bbfi-cbg 5
bdg-cbg 1
hjj-cbg 3
697
3
cbg-gjh 5
dfd-gjh 5
cje-gjh 1
107
6
hbf-bah 5
gjh-bah 5
deg-bah 5
bbcc-bah 4
ifd-bah 5
ddf-bah 1
1489
2
bah-beij 5
che-beij 1
1073
6
behd-bahd 5
beij-bahd 5
dbb-bahd 5
dii-bahd 5
efa-bahd 5
bcgf-bahd 1
721
5
bahd-hcb 5
bdfa-hcb 5
ffe-hcb 5
jba-hcb 1
cha-hcb 1
473
4
hcb-ehd 5
bffb-ehd 5
hjj-ehd 5
dfd-ehd 1
824
3
ehd-ice 5
hgi-ice 1
jfh-ice 1
1578
1
ice-bfhi 1992
759
3
bfhi-hfj 5
gaa-hfj 4
jfc-hfj 1
798
3
hfj-hji 5
bba-hji 2
iac-hji 1
229
6
hji-ccj 5
cch-ccj 4
j-ccj 1
eeb-ccj 5
gdf-ccj 5
bch-ccj 1
1126
3
fcg-bbcg 1
ccj-bbcg 5
bdid-bbcg 3
994
5
bbcg-jje 5
baig-jje 5
badd-jje 3
ej-jje 1
hdd-jje 1
882
4
jje-iic 5
fag-iic 5
gfa-iic 1
iie-iic 3
138
6
iic-bdi 5
jbe-bdi 2
gci-bdi 5
bffi-bdi 1
ich-bdi 2
bcfj-bdi 1
1181
1
bdi-bbib 1992
610
5
bbge-gba 5
bbib-gba 5
fdi-gba 5
hgc-gba 5
gcb-gba 1
973
2
gba-jhd 5
geb-jhd 1
1069
2
jhd-bagj 5
bgj-bagj 1
1196
3
bagj-bbjg 5
bbfe-bbjg 5
hjb-bbjg 1
1157
3
bbjg-bbfh 5
gec-bbfh 5
efd-bbfh 1
576
4
bbfh-fhg 5
fjc-fhg 5
da-fhg 3
jbb-fhg 1
816
4
fhg-ibg 5
bafg-ibg 4
efj-ibg 1
ceb-ibg 2
1204
2
ibg-bcae 2
bdaj-bcae 1
361
1
bcae-dgb 1992
425
4
beh-ecf 5
dgb-ecf 4
cib-ecf 4
dh-ecf 1
477
5
ecf-ehh 5
gcc-ehh 3
dad-ehh 3
dcc-ehh 1
had-ehh 1
1360
4
bafa-bdga 3
begc-bdga 1
ihf-bdga 5
ehh-bdga 1
1515
2
efe-bfbf 1
bdga-bfbf 1
928
6
bfbf-jci 5
gih-jci 5
beia-jci 1
fb-jci 1
hhe-jci 1
fch-jci 3
637
4
jci-gdh 5
bdfd-gdh 5
if-gdh 1
iih-gdh 1
601
3
gdh-gab 5
ca-gab 3
ejg-gab 1
1485
3
gab-beif 5
hfb-beif 2
cii-beif 1
1561
2
beif-bfgb 5
bcfj-bfgb 1
954
4
bfgb-jfe 5
c-jfe 5
egf-jfe 1
bcif-jfe 2
1220
4
bdhj-bcca 1
behj-bcca 1
jfe-bcca 5
fb-bcca 1
426
3
bcca-ecg 5
dfa-ecg 1
fbc-ecg 1
380
4
ecg-dia 5
hge-dia 2
jcc-dia 1
bdc-dia 2
1175
3
dia-bbhf 5
bfec-bbhf 1
baif-bbhf 1
681
3
bbhf-gib 5
cic-gib 4
ehj-gib 1
315
7
gib-dbf 5
baad-dbf 5
eid-dbf 4
gdc-dbf 1
dac-dbf 2
bbcb-dbf 3
ei-dbf 1
506
5
bahb-fag 5
dbf-fag 5
hcd-fag 5
ggd-fag 2
jif-fag 1
579
5
fag-fhj 5
ii-fhj 5
gaj-fhj 2
bgde-fhj 3
fgf-fhj 1
309
6
dce-daj 4
geh-daj 5
fhj-daj 5
dhe-daj 5
fae-daj 1
ebb-daj 1
168
8
daj-bgi 5
cbi-bgi 5
eij-bgi 5
bhh-bgi 5
baa-bgi 2
bc-bgi 2
dda-bgi 1
cej-bgi 1
723
5
jee-hcd 5
bdhb-hcd 5
bgi-hcd 5
ghf-hcd 1
hhf-hcd 1
427
5
hcd-ech 5
dbh-ech 5
jjc-ech 5
fcf-ech 1
bajd-ech 1
801
3
ech-iab 5
bdbh-iab 5
cdh-iab 1
1182
2
befc-bbic 1
iab-bbic 5
704
5
bbic-hae 5
chi-hae 5
hea-hae 4
idb-hae 2
ije-hae 1
591
9
gef-fjb 5
bggb-fjb 5
hae-fjb 5
caa-fjb 5
cij-fjb 5
hc-fjb 2
cja-fjb 1
gcg-fjb 3
egg-fjb 1
1145
4
fjf-bbef 1
fjb-bbef 5
ce-bbef 1
badd-bbef 4
1235
1
bbef-bcdf 1992
461
6
bcdf-egb 5
fdb-egb 1
hic-egb 5
jg-egb 2
efi-egb 1
cdg-egb 1
1221
3
cid-bccb 5
egb-bccb 5
bcag-bccb 1
956
4
bccb-jfg 5
fic-jfg 5
ega-jfg 5
ghc-jfg 1
920
4
jfg-jca 5
idf-jca 5
fdh-jca 1
jde-jca 1
148
5
jca-bei 5
fge-bei 5
bcgi-bei 5
jbi-bei 4
becg-bei 1
115
5
bei-bbf 5
bage-bbf 5
dfc-bbf 3
fj-bbf 4
bej-bbf 1
1410
3
bbf-beba 5
bbcb-beba 3
bfg-beba 1
291
3
beba-cjb 5
jbi-cjb 1
bagh-cjb 1
283
11
cjb-cid 5
cab-cid 5
ebi-cid 5
fcf-cid 5
ehb-cid 2
hgg-cid 4
dfd-cid 4
bdh-cid 3
fic-cid 1
dfa-cid 1
bii-cid 1
857
4
baga-ifh 5
cid-ifh 5
baai-ifh 5
eif-ifh 1
1392
2
bfbb-bdjc 1
ifh-bdjc 1
1295
4
bedc-bcjf 5
bdjc-bcjf 5
dde-bcjf 5
fda-bcjf 1
260
6
bcjf-cga 5
bhb-cga 5
chf-cga 5
chj-cga 3
cgd-cga 2
cah-cga 1
1140
3
df-bbea 5
dfh-bbea 1
cga-bbea 5
278
6
bbc-chi 5
bbea-chi 5
jeh-chi 5
hga-chi 1
ibj-chi 3
cee-chi 1
401
4
bbga-eab 5
chi-eab 4
bdha-eab 3
fh-eab 1
83
4
eab-id 5
gbg-id 4
ej-id 1
ebd-id 1
881
5
baeb-iib 5
cfb-iib 1
id-iib 5
chd-iib 2
bafa-iib 3
456
4
bcad-efg 5
iib-efg 5
bbj-efg 2
fii-efg 1
212
2
efg-cbc 2
bcdg-cbc 1
1450
2
ebe-befa 1
cbc-befa 5
958
4
bbj-jfi 5
dii-jfi 5
befa-jfi 5
eib-jfi 1
284
3
jfi-cie 5
gg-cie 5
bih-cie 1
393
5
bejh-djd 5
ifd-djd 5
cie-djd 3
jif-djd 1
jdd-djd 1
1642
2
bacg-bgec 1
djd-bgec 1
1280
5
bgec-bcia 5
baid-bcia 2
hid-bcia 2
ibc-bcia 1
hhg-bcia 2
1640
1
bcia-bgea 1992
572
5
bgea-fhc 3
bfed-fhc 5
bbi-fhc 4
hch-fhc 1
ijj-fhc 1
1125
2
fhc-bbcf 5
bbae-bbcf 1
407
5
bbcf-eah 5
eca-eah 5
gdj-eah 5
bcaj-eah 5
cgd-eah 1
631
4
eah-gdb 5
bbg-gdb 5
cb-gdb 1
bdci-gdb 5
1022
3
gdb-bacc 5
hbc-bacc 2
feg-bacc 1
1357
2
bacc-bdfh 2
bege-bdfh 1
539
2
bdfh-fdj 5
hbh-fdj 1
950
4
fdj-jfa 5
bhe-jfa 3
iec-jfa 2
chb-jfa 1
1319
4
jfa-bdbj 4
dhe-bdbj 2
gid-bdbj 5
bbci-bdbj 1
1523
3
ggc-bfcd 1
bcdc-bfcd 5
bdbj-bfcd 5
960
5
bfab-jga 4
bfcd-jga 5
fdf-jga 5
bagg-jga 5
bfcf-jga 1
1355
1
jga-bdff 1992
728
5
ggi-hci 5
geh-hci 4
bdff-hci 4
baef-hci 1
fbf-hci 1
1229
5
hci-bccj 5
bg-bccj 2
cfg-bccj 5
gbe-bccj 5
dci-bccj 1
1114
3
bccj-bbbe 3
dhj-bbbe 1
bcc-bbbe 1
1339
3
bj-bddj 1
bcaf-bddj 5
bbbe-bddj 5
636
5
bajh-gdg 5
db-gdg 5
bddj-gdg 5
hag-gdg 5
gfd-gdg 1
1051
4
gdg-bafb 5
bbbd-bafb 5
baah-bafb 5
bcji-bafb 1
205
2
gag-caf 1
bafb-caf 5
879
2
caf-ihj 3
cef-ihj 1
1563
1
ihj-bfgd 1992
29
3
bfgd-cj 5
fbi-cj 1
egd-cj 1
828
3
jc-ici 5
cj-ici 1
dfa-ici 1
684
3
iih-gie 5
ici-gie 5
ihe-gie 1
8
3
geg-i 5
gie-i 5
bahi-i 1
965
5
i-jgf 5
hhj-jgf 5
fjd-jgf 1
bhg-jgf 2
fbf-jgf 1
1534
1
jgf-bfde 1992
300
6
bbhc-daa 5
jjb-daa 5
bfde-daa 5
ih-daa 1
edd-daa 1
fh-daa 1
174
5
daa-bhe 5
chd-bhe 3
cfe-bhe 5
ebi-bhe 1
bgj-bhe 1
509
4
ggb-faj 5
bhe-faj 5
iii-faj 1
ga-faj 1
921
4
faj-jcb 5
gae-jcb 5
hhf-jcb 2
ihh-jcb 1
578
4
jcb-fhi 5
bja-fhi 5
bcgj-fhi 5
idd-fhi 1
1544
2
dae-bfee 1
fhi-bfee 1
1156
4
bfee-bbfg 5
fea-bbfg 5
eee-bbfg 5
bcjh-bbfg 1
671
6
bgef-ghb 5
bbfg-ghb 5
idb-ghb 5
bgae-ghb 5
bbff-ghb 5
ccg-ghb 1
1137
3
ghb-bbdh 5
bcjd-bbdh 5
eef-bbdh 1
385
1
bbdh-dif 1992
349
4
fda-dej 2
bcah-dej 5
babg-dej 1
dif-dej 1
767
2
dej-hgh 5
deg-hgh 1
358
3
egd-dfi 5
hgh-dfi 5
baac-dfi 1
645
3
bdgj-gef 5
dfi-gef 5
gfh-gef 1
124
8
gef-bce 5
bb-bce 1
bi-bce 5
gc-bce 5
ccc-bce 1
bagd-bce 5
edi-bce 5
fed-bce 1
1656
1
bce-bgfg 1992
1582
2
igc-bfic 1
bgfg-bfic 1
563
6
bfff-fgd 5
bfic-fgd 5
ffa-fgd 4
dij-fgd 4
fb-fgd 2
bie-fgd 1
503
6
bdjg-fad 5
fgd-fad 5
baei-fad 5
cfh-fad 1
iej-fad 5
dih-fad 1
945
5
badj-jef 5
bbje-jef 5
fad-jef 5
beh-jef 1
bbfe-jef 1
324
3
ebg-dce 2
jef-dce 5
cce-dce 1
1102
4
bejd-bbac 1
dce-bbac 5
fed-bbac 1
iif-bbac 1
756
3
bbac-hfg 5
gfd-hfg 5
ij-hfg 1
842
5
hfg-iec 5
bbca-iec 5
iff-iec 4
fgf-iec 1
hfh-iec 2
703
1
iec-had 1992
413
8
badb-ebd 5
bdae-ebd 5
dgi-ebd 5
had-ebd 4
bcce-ebd 5
ejb-ebd 5
cag-ebd 1
cbb-ebd 2
1289
1
ebd-bcij 1992
903
3
bcij-jad 5
djc-jad 1
dgj-jad 1
941
1
jad-jeb 1992
1095
5
bbgi-bajf 5
jcd-bajf 5
bcje-bajf 3
jeb-bajf 3
eca-bajf 1
1099
3
bajf-bajj 5
eci-bajj 5
ejh-bajj 1
975
4
fch-jhf 5
bajj-jhf 5
behe-jhf 5
gid-jhf 1
1064
4
jhf-bage 5
jfb-bage 5
babh-bage 3
bbcj-bage 1
806
4
bage-iag 5
ejg-iag 2
ihd-iag 2
begg-iag 1
316
3
iag-dbg 5
dab-dbg 5
ffg-dbg 1
372
7
bbed-dhc 2
jii-dhc 5
bdab-dhc 5
bbce-dhc 5
dbg-dhc 5
dfg-dhc 1
ccd-dhc 1
800
6
dhc-iaa 5
jcg-iaa 5
ead-iaa 5
deb-iaa 3
cij-iaa 1
eef-iaa 1
443
4
gcd-eed 1
fcg-eed 5
iaa-eed 5
jhc-eed 1
123
4
jec-bcd 5
eed-bcd 5
ddj-bcd 3
iie-bcd 1
804
5
cdf-iae 5
cjg-iae 1
fjd-iae 2
bcd-iae 5
cib-iae 1
968
2
iae-jgi 5
gjf-jgi 1
1168
4
jgi-bbgi 5
bfi-bbgi 5
jab-bbgi 1
bdgi-bbgi 3
1154
2
bbgi-bbfe 5
chg-bbfe 1
132
9
bfea-bdc 5
fee-bdc 5
bbjh-bdc 5
jbg-bdc 5
bbfe-bdc 4
fdc-bdc 5
cfc-bdc 2
bbah-bdc 3
bec-bdc 1
627
5
bdc-gch 5
fjh-gch 3
cih-gch 5
eja-gch 2
ffb-gch 1
653
3
bdbg-gfd 5
gch-gfd 5
hjb-gfd 1
303
4
gfd-dad 5
gfe-dad 3
gcb-dad 1
dab-dad 1
854
3
dad-ife 5
hjf-ife 5
bbdj-ife 1
1089
3
bha-baij 5
ife-baij 5
bfh-baij 1
1018
3
baij-babi 5
cdb-babi 5
gd-babi 1
490
3
babi-eja 5
iaj-eja 1
hej-eja 1
611
6
bfjj-gbb 5
dhf-gbb 5
eja-gbb 5
cgb-gbb 5
becb-gbb 2
efh-gbb 1
1632
1
gbb-bgdc 1992
1136
3
bgdc-bbdg 5
bhc-bbdg 4
bid-bbdg 1
256
4
bfdb-cfg 3
bbdg-cfg 5
ej-cfg 2
gic-cfg 1
1238
3
hee-bcdi 5
cfg-bcdi 5
becb-bcdi 1
826
3
gcg-icg 1
bjj-icg 5
bcdi-icg 4
417
3
icg-ebh 5
hdg-ebh 1
bahf-ebh 4
371
3
ebh-dhb 2
d-dhb 1
bajb-dhb 2
1092
3
dhb-bajc 5
bbae-bajc 5
hih-bajc 1
966
3
bajc-jgg 3
heh-jgg 4
cfd-jgg 1
1380
2
jgg-bdia 2
bgff-bdia 1
234
7
gge-cde 5
bi-cde 2
bjb-cde 1
bdia-cde 5
hhb-cde 5
bj-cde 1
fff-cde 1
436
5
ie-edg 3
jgh-edg 5
ggd-edg 5
cde-edg 5
ddc-edg 1
163
5
bgdh-bgd 5
gd-bgd 2
edg-bgd 5
dbj-bgd 1
f-bgd 1
1065
2
bede-bagf 5
bgd-bagf 1
172
6
bbfd-bhc 5
bagf-bhc 5
bfe-bhc 2
gfg-bhc 1
eje-bhc 1
edf-bhc 1
694
4
bhc-gje 5
b-gje 1
bbdf-gje 4
eca-gje 1
536
5
bach-fdg 5
bdhg-fdg 4
bhi-fdg 1
gje-fdg 1
gbh-fdg 2
535
6
ibe-fdf 5
fdg-fdf 5
cgg-fdf 3
gdc-fdf 5
fbj-fdf 1
bade-fdf 1
957
5
bffj-jfh 5
fdf-jfh 5
gfb-jfh 5
eij-jfh 5
ddc-jfh 1
718
2
jfh-hbi 2
egd-hbi 1
802
3
hia-iac 1
hbi-iac 4
eic-iac 1
981
4
iac-jib 5
bjf-jib 5
bab-jib 3
gda-jib 1
399
6
jib-djj 5
bbc-djj 5
dec-djj 5
dda-djj 2
caj-djj 1
egi-djj 1
419
5
jgc-ebj 5
djj-ebj 5
ehi-ebj 5
ghd-ebj 5
igf-ebj 1
1014
3
ebj-babe 5
ije-babe 5
dbj-babe 1
717
3
babe-hbh 5
ci-hbh 5
dbj-hbh 1
1138
3
bcba-bbdi 1
baee-bbdi 3
hbh-bbdi 5
1038
2
bbdi-badi 5
ghg-badi 1
305
7
badi-daf 5
bdcb-daf 5
fbb-daf 5
jae-daf 5
bddb-daf 3
cha-daf 2
bdag-daf 1
678
4
hai-ghi 5
daf-ghi 5
cic-ghi 5
bge-ghi 1
1557
1
ghi-bffh 1992
815
3
dih-ibf 1
bffh-ibf 2
dje-ibf 1
726
4
ibf-hcg 5
ja-hcg 5
baed-hcg 5
jjg-hcg 1
428
4
hcg-eci 5
jac-eci 5
dh-eci 3
cei-eci 1
655
7
hh-gff 3
idi-gff 5
ehe-gff 5
egf-gff 5
bga-gff 4
jbi-gff 1
eci-gff 1
561
3
gff-fgb 5
dba-fgb 2
eei-fgb 1
880
3
fgb-iia 5
fid-iia 2
hfh-iia 1
1543
2
iia-bfed 1
iea-bfed 1
1223
3
behg-bccd 5
bfed-bccd 5
ced-bccd 1
1414
1
bccd-bebe 1992
36
7
bgfe-dg 2
bcii-dg 5
hah-dg 5
bebe-dg 5
bcag-dg 3
bdfc-dg 1
cee-dg 1
1482
3
dg-beic 5
bbb-beic 1
ec-beic 1
1634
1
beic-bgde 1992
1478
2
bjh-behi 1
bgde-behi 5
896
2
ig-ijg 1
behi-ijg 5
626
4
ijg-gcg 5
chg-gcg 1
hgd-gcg 2
cce-gcg 1
549
4
gcg-fej 4
dfe-fej 4
hhe-fej 3
eji-fej 1
922
3
fjg-jcc 1
gfb-jcc 5
fej-jcc 1
638
1
jcc-gdi 1992
322
9
di-dcc 5
jah-dcc 5
chf-dcc 5
fbb-dcc 1
heg-dcc 5
gdi-dcc 2
ddf-dcc 3
cdd-dcc 1
eie-dcc 1
21
3
edb-cb 2
did-cb 1
dcc-cb 1
360
5
bcdg-dga 5
fff-dga 5
g-dga 2
dgi-dga 1
cb-dga 1
1622
2
bdbe-bgcc 1
dga-bgcc 5
1070
2
bcgf-baha 1
bgcc-baha 2
1008
4
bacb-baai 4
dgd-baai 1
igj-baai 1
baha-baai 5
1530
2
baai-bfda 5
bgce-bfda 1
833
4
bfda-idd 5
bbah-idd 2
fj-idd 1
fih-idd 1
466
5
eaj-egg 5
idd-egg 5
die-egg 4
jia-egg 5
ed-egg 1
955
3
bfeb-jff 5
egg-jff 5
ee-jff 1
983
4
bgfj-jid 5
cag-jid 1
jff-jid 3
bdgd-jid 1
103
3
bha-bad 3
bfi-bad 1
jid-bad 5
753
4
bcec-hfd 2
eih-hfd 5
ddc-hfd 1
bad-hfd 3
555
6
hfd-fff 5
jbf-fff 3
fgj-fff 1
baae-fff 5
baj-fff 3
edi-fff 2
411
7
ffd-ebb 5
iij-ebb 5
beb-ebb 5
fff-ebb 5
fac-ebb 1
ggb-ebb 5
ebg-ebb 1
860
2
ebb-iga 5
gfj-iga 1
598
9
fij-fji 4
bddi-fji 3
iga-fji 5
cdf-fji 3
hh-fji 1
jbi-fji 5
bgb-fji 1
ejc-fji 4
ehf-fji 2
262
5
hfc-cgc 5
ica-cgc 5
ee-cgc 2
hdb-cgc 2
fji-cgc 1
161
6
cgc-bgb 5
hea-bgb 5
bedd-bgb 4
bahe-bgb 2
dff-bgb 1
bcga-bgb 1
1200
2
bgb-bcaa 5
bbie-bcaa 1
1291
2
dba-bcjb 1
bcaa-bcjb 1
379
7
begh-dhj 5
ddj-dhj 5
icc-dhj 3
idf-dhj 5
fce-dhj 5
idc-dhj 4
ecj-dhj 1
1650
1
bddj-bgfa 1992
838
5
bgfa-idi 5
ech-idi 5
bbdd-idi 5
hhc-idi 3
baeh-idi 1
117
3
bacc-bbh 5
gjh-bbh 1
ehi-bbh 1
849
2
bbh-iej 5
bdi-iej 1
32
6
iej-dc 5
bbgj-dc 5
ifh-dc 5
iag-dc 1
ecg-dc 2
jbf-dc 1
1340
1
dc-bdea 1992
241
6
bdea-ceb 5
bfj-ceb 5
cii-ceb 1
dfe-ceb 3
dhh-ceb 3
bch-ceb 1
1003
4
bbbh-baad 4
ceb-baad 5
jcd-baad 1
ehj-baad 1
199
4
baad-bjj 5
jhe-bjj 5
gci-bjj 5
edg-bjj 1
1435
2
ebh-bedf 5
djf-bedf 1
719
2
bedf-hbj 3
jge-hbj 1
887
1
hbj-iih 1992
355
5
heg-dff 5
hii-dff 5
gie-dff 5
jha-dff 1
ife-dff 3
236
6
dff-cdg 5
bfjd-cdg 5
bdf-cdg 4
cid-cdg 1
gcf-cdg 3
eif-cdg 1
1595
1
cdg-bfjf 1992
66
5
bfjf-gg 5
jhg-gg 4
cdh-gg 5
idf-gg 3
jdj-gg 1
592
5
hdf-fjc 5
cie-fjc 5
bcff-fjc 3
dbg-fjc 3
baee-fjc 1
736
3
fjc-hdg 5
dac-hdg 3
eba-hdg 1
193
3
ghb-bjd 5
hdg-bjd 5
bij-bjd 1
745
5
bjd-hef 5
bfch-hef 5
gha-hef 2
beg-hef 2
bge-hef 1
1059
3
hef-bafj 5
gfi-bafj 2
bcag-bafj 1
1212
5
bafj-bcbc 5
dbe-bcbc 3
ef-bcbc 1
bcij-bcbc 1
bbai-bcbc 1
679
5
bcbc-ghj 5
hec-ghj 5
fcd-ghj 5
eig-ghj 3
fdb-ghj 1
569
4
ghj-fgj 5
bdc-fgj 5
egh-fgj 1
gbh-fgj 1
794
2
bdja-hje 1
fgj-hje 1
1628
2
hje-bgci 5
bda-bgci 1
158
7
bgci-bfi 5
ich-bfi 2
gaa-bfi 5
jhe-bfi 1
idg-bfi 5
ecj-bfi 1
bacf-bfi 1
1574
1
bfi-bfhe 1992
1614
1
bfhe-bgbe 1992
144
4
gjd-bee 3
bgbe-bee 5
dfg-bee 1
bbej-bee 1
400
7
hjj-eaa 5
bee-eaa 5
jbb-eaa 1
hbg-eaa 1
bif-eaa 1
eji-eaa 2
ghi-eaa 2
1153
4
ebc-bbfd 1
eaa-bbfd 5
bdcj-bbfd 5
bdje-bbfd 4
1067
6
gje-bagh 5
cde-bagh 5
eab-bagh 5
ijg-bagh 5
cgf-bagh 5
jbd-bagh 1
1233
3
bagh-bcdd 4
bdid-bcdd 1
bbfh-bcdd 1
1600
1
bcdd-bgaa 1992
1474
3
bgaa-behe 4
ihd-behe 1
baja-behe 1
1207
1
eed-bcah 1992
546
6
ijc-feg 1
hgh-feg 5
bd-feg 3
bcgj-feg 5
bi-feg 3
ihh-feg 1
496
4
chd-ejg 5
feg-ejg 5
eb-ejg 1
ghb-ejg 1
231
4
ejg-cdb 5
bff-cdb 1
jaa-cdb 3
fcf-cdb 1
92
6
bbjg-jc 5
babi-jc 5
fci-jc 1
gii-jc 1
hj-jc 2
gbe-jc 3
389
5
hhe-dij 5
bacf-dij 1
ici-dij 5
eai-dij 1
cga-dij 1
666
4
dij-ggg 5
die-ggg 5
caf-ggg 1
bih-ggg 2
926
3
ggg-jcg 5
cfj-jcg 1
babe-jcg 1
329
5
jcg-dcj 5
begb-dcj 5
bde-dcj 1
dhd-dcj 1
dbj-dcj 1
1185
2
dcj-bbif 5
bij-bbif 1
1304
2
bbif-bdae 1
bahi-bdae 1
909
2
ebd-jaj 5
iic-jaj 1
823
5
jaj-icd 5
hj-icd 5
hcd-icd 5
jaa-icd 5
eig-icd 1
1621
1
icd-bgcb 1992
1203
3
bgcb-bcad 5
bdf-bcad 5
hcd-bcad 1
848
6
hgi-iei 5
efg-iei 5
behf-iei 5
bcgb-iei 5
dbf-iei 2
gdf-iei 1
1476
1
iei-behg 1992
696
6
egg-gjg 5
bfb-gjg 5
behg-gjg 5
bdda-gjg 5
bbic-gjg 5
dci-gjg 1
832
3
gjg-idc 5
iij-idc 3
djj-idc 1
1131
5
bfdj-bbdb 5
ifa-bbdb 5
idc-bbdb 5
hjj-bbdb 5
bbf-bbdb 1
510
4
bbdb-fba 5
cdi-fba 4
dii-fba 5
bge-fba 1
1443
3
bfih-beed 5
becd-beed 5
dgj-beed 1
448
5
beed-eei 5
haj-eei 2
bih-eei 5
fii-eei 5
ejc-eei 1
979
1
eei-jhj 1992
651
4
jhj-gfb 5
gfj-gfb 1
bcbi-gfb 1
g-gfb 1
1250
2
jfh-bcfa 5
djh-bcfa 1
1100
3
bcfa-bbaa 5
ghb-bbaa 1
beeg-bbaa 3
583
6
bbaa-fid 5
cih-fid 5
hh-fid 5
gif-fid 5
fh-fid 1
cdd-fid 1
202
5
fid-cac 5
dbf-cac 5
cgd-cac 1
bbdh-cac 3
djc-cac 5
1327
2
cac-bdch 1
hgc-bdch 1
1404
1
bdch-beae 1992
1269
3
beae-bcgj 3
bdbg-bcgj 2
bfci-bcgj 1
964
5
bcgj-jge 5
bedj-jge 5
gbf-jge 2
bagf-jge 2
dda-jge 1
455
5
fff-eff 2
bjf-eff 5
jge-eff 5
hgf-eff 5
bbed-eff 1
1444
2
eff-beee 5
hhc-beee 1
1177
2
beee-bbhh 5
bcjf-bbhh 1
873
4
fj-ihd 5
bbdd-ihd 5
behh-ihd 5
bgei-ihd 1
1141
5
bbae-bbeb 5
ihd-bbeb 5
bbde-bbeb 5
bffc-bbeb 1
ji-bbeb 2
1231
3
bbeb-bcdb 5
baci-bcdb 3
bddd-bcdb 1
454
2
bcdb-efe 5
ija-efe 1
1006
5
beja-baag 1
jci-baag 5
ffj-baag 5
cdc-baag 5
fc-baag 2
384
6
fac-die 5
baag-die 5
fig-die 1
fea-die 5
jeb-die 3
dci-die 2
1211
3
die-bcbb 5
hag-bcbb 1
bdbj-bcbb 5
1149
3
fci-bbej 1
bcbb-bbej 4
fja-bbej 1
1158
3
bbej-bbfi 5
bfhb-bbfi 5
bace-bbfi 1
452
4
hd-efc 1
ehd-efc 5
bhh-efc 4
fdg-efc 4
1084
5
chg-baie 1
efc-baie 1
iaf-baie 2
bade-baie 2
bai-baie 1
1066
5
hgb-bagg 5
baie-bagg 5
fcb-bagg 5
jid-bagg 2
bbgh-bagg 1
420
5
eh-eca 5
jga-eca 5
dbf-eca 4
jff-eca 1
dhi-eca 1
275
5
eca-chf 5
hfb-chf 4
fch-chf 5
did-chf 2
ehb-chf 1
88
6
bgfi-ii 1
dgc-ii 2
chf-ii 5
bacj-ii 5
bacd-ii 1
eig-ii 1
311
4
eaa-dbb 5
cjb-dbb 5
dfc-dbb 1
dgi-dbb 1
267
5
bdhc-cgh 5
hc-cgh 5
cag-cgh 5
babb-cgh 4
hif-cgh 1
470
6
cgh-eha 5
bbi-eha 3
bjj-eha 1
fgd-eha 1
bcbi-eha 1
eid-eha 1
531
4
eha-fdb 5
def-fdb 5
ffg-fdb 1
bcga-fdb 1
1239
1
fdb-bcdj 1992
870
4
hgf-iha 5
bcdj-iha 5
jfa-iha 2
bbfe-iha 1
1029
4
iha-bacj 5
bada-bacj 5
ibj-bacj 5
ib-bacj 1
600
3
bacj-gaa 5
gbb-gaa 5
gie-gaa 1
773
4
gaa-hhd 5
bdec-hhd 5
ch-hhd 1
bbd-hhd 1
1290
3
ica-bcja 1
hhd-bcja 5
bbfi-bcja 4
285
8
bcja-cif 5
dae-cif 2
gfe-cif 2
bbai-cif 4
baed-cif 1
idd-cif 1
dcb-cif 1
dgb-cif 2
1587
1
cif-bfih 1992
1455
2
fid-beff 5
hc-beff 1
764
3
beff-hge 5
efg-hge 5
jdc-hge 1
685
4
jea-gif 5
hge-gif 5
bcig-gif 3
bcdi-gif 1
1653
2
gif-bgfd 5
ddb-bgfd 1
614
1
bgfd-gbe 1992
1106
1
gff-bbag 1992
1060
2
bbag-baga 5
ded-baga 1
375
5
baga-dhf 5
ebj-dhf 5
cjd-dhf 5
ich-dhf 3
bcf-dhf 1
430
7
bdcg-eda 5
dhf-eda 5
bbdb-eda 5
hbd-eda 2
igj-eda 3
eai-eda 1
dgb-eda 5
321
6
fi-dcb 4
eda-dcb 5
gad-dcb 5
gbj-dcb 2
jia-dcb 1
efg-dcb 1
152
8
dcb-bfc 5
bafi-bfc 5
gbi-bfc 5
ifh-bfc 4
fcb-bfc 2
cei-bfc 2
dhb-bfc 2
fbb-bfc 1
94
6
gdf-je 5
bi-je 5
bfc-je 5
fcf-je 2
bbi-je 1
bfgb-je 3
1151
5
bdah-bbfb 5
baji-bbfb 5
bbgg-bbfb 5
ghj-bbfb 1
fgd-bbfb 1
1469
2
bbfb-begj 5
eef-begj 1
1015
2
begj-babf 5
ceg-babf 1
917
3
dbd-jbh 5
bji-jbh 1
babf-jbh 5
1002
2
jbh-baac 5
hig-baac 1
354
4
baac-dfe 5
ejd-dfe 3
ii-dfe 5
badc-dfe 1
1013
3
dfe-babd 5
gec-babd 5
bddi-babd 1
1451
1
babd-befb 1992
732
5
befb-hdc 5
bdac-hdc 5
jbf-hdc 5
cbi-hdc 2
gig-hdc 1
519
6
hdc-fbj 5
fch-fbj 2
beig-fbj 3
hb-fbj 1
ieg-fbj 1
fdc-fbj 1
9
3
fbj-j 5
heg-j 5
ce-j 1
1173
4
bdb-bbhd 5
bced-bbhd 3
j-bbhd 5
ece-bbhd 1
853
4
bbhd-ifd 5
cf-ifd 5
bah-ifd 1
ijh-ifd 1
465
4
fge-egf 5
ifd-egf 5
eae-egf 5
cha-egf 1
439
3
egf-edj 5
egj-edj 5
cfb-edj 1
795
3
beji-hjf 5
edj-hjf 5
gid-hjf 1
560
8
igi-fga 5
bbhg-fga 1
bhe-fga 5
cie-fga 4
gei-fga 5
eae-fga 5
bdib-fga 1
ceb-fga 1
60
6
fga-ga 5
bi-ga 5
dac-ga 2
cg-ga 2
eah-ga 1
cih-ga 1
1305
1
ga-bdaf 1992
1273
2
jbd-bchd 1
bdaf-bchd 1
1391
1
bchd-bdjb 1992
1368
2
bdjb-bdgi 1
bdj-bdgi 1
1463
1
bdgi-begd 1992
548
6
begd-fei 5
eeg-fei 5
ffc-fei 4
bcgi-fei 5
dbc-fei 1
fbi-fei 3
453
3
fei-efd 5
iac-efd 4
igj-efd 1
664
9
beg-gge 3
efd-gge 5
bfid-gge 5
beai-gge 5
bdc-gge 5
ehc-gge 5
ifg-gge 3
gaj-gge 2
eeb-gge 1
585
4
gge-fif 5
bfcg-fif 5
bbc-fif 1
ibj-fif 5
149
5
bdb-bej 1
fif-bej 5
bec-bej 5
dbi-bej 2
cdi-bej 1
1592
1
bej-bfjc 1992
1618
1
bfjc-bgbi 1992
1657
1
bgbi-bgfh 1992
1617
2
bgfh-bgbh 2
ece-bgbh 1
265
4
bgbh-cgf 5
fcc-cgf 5
ibe-cgf 1
gie-cgf 1
768
4
cdb-hgi 5
baja-hgi 5
baai-hgi 2
hah-hgi 1
1232
4
bfga-bcdc 1
bccd-bcdc 5
bcj-bcdc 5
ghb-bcdc 1
1030
4
hej-bada 2
bbcf-bada 3
ecj-bada 1
gdb-bada 3
292
4
bfgi-cjc 5
bcih-cjc 5
bada-cjc 5
db-cjc 1
1464
2
bdci-bege 1
babb-bege 2
481
4
iih-eib 5
bbbe-eib 5
dg-eib 1
bcji-eib 2
356
3
eib-dfg 5
cdj-dfg 1
dhf-dfg 4
568
4
dfg-fgi 5
hjf-fgi 1
bcbi-fgi 1
eeh-fgi 3
1000
1
fgi-baaa 1992
268
5
baaa-cgi 5
fdh-cgi 5
ia-cgi 1
djh-cgi 3
daf-cgi 2
788
4
cgi-hii 5
djb-hii 4
jaj-hii 3
fej-hii 1
235
5
fjc-cdf 5
bhj-cdf 3
dfa-cdf 1
badh-cdf 1
iee-cdf 2
23
6
ffb-cd 5
dbg-cd 5
bhd-cd 5
bcaj-cd 1
gfa-cd 1
fae-cd 1
143
5
cd-bed 5
begd-bed 5
ica-bed 3
feh-bed 3
cfa-bed 1
1606
1
bed-bgag 1992
1163
1
bgag-bbgd 1992
729
6
jd-hcj 2
bbgd-hcj 5
eec-hcj 5
bbbg-hcj 1
ejb-hcj 3
hdb-hcj 1
1470
3
hcj-beha 5
cji-beha 5
bebd-beha 1
238
4
j-cdi 5
beha-cdi 5
jbc-cdi 2
deb-cdi 1
176
6
cdi-bhg 5
bci-bhg 1
iga-bhg 5
babb-bhg 4
baf-bhg 3
cfi-bhg 2
1571
1
bhg-bfhb 1992
792
7
hcc-hjc 4
bbfi-hjc 5
bfhe-hjc 5
gaj-hjc 4
hbi-hjc 2
ifd-hjc 2
edj-hjc 1
1236
3
chc-bcdg 1
hjc-bcdg 4
jje-bcdg 1
1159
4
ifc-bbfj 5
cbc-bbfj 5
babh-bbfj 1
cje-bbfj 1
1415
2
bbfj-bebf 5
ghb-bebf 1
840
4
bij-iea 5
bebf-iea 5
eeb-iea 1
chb-iea 1
1113
3
bgab-bbbd 5
bbh-bbbd 1
baec-bbbd 5
553
3
dij-ffd 5
jaf-ffd 1
eia-ffd 2
1480
1
ffd-beia 1992
687
5
badc-gih 5
die-gih 5
bbfb-gih 1
fic-gih 1
baai-gih 1
1589
1
gih-bfij 1992
542
3
bfcg-fec 5
bfij-fec 5
ffe-fec 1
1190
2
bacb-bbja 1
fec-bbja 4
237
3
bbja-cdh 5
gfd-cdh 4
gd-cdh 1
1090
4
cdh-baja 5
bcfj-baja 5
bif-baja 4
cgg-baja 1
1178
2
hgi-bbhi 5
bfge-bbhi 1
374
6
bbhi-dhe 5
bbii-dhe 5
bbhb-dhe 5
ieg-dhe 4
dca-dhe 5
ehb-dhe 1
382
8
edj-dic 5
fh-dic 4
hhd-dic 4
ebi-dic 5
jff-dic 2
bbgj-dic 1
hc-dic 1
dih-dic 1
933
3
dhc-jdd 5
dic-jdd 4
ffh-jdd 1
780
3
jdd-hia 5
bbie-hia 1
dbf-hia 1
1371
2
hbh-bdhb 5
haf-bdhb 1
281
5
bdhh-cib 5
eha-cib 5
bcce-cib 1
bdhb-cib 2
hh-cib 1
672
8
beid-ghc 5
bch-ghc 5
cib-ghc 5
fhi-ghc 5
fea-ghc 2
jjf-ghc 1
begg-ghc 5
efi-ghc 2
1520
1
ghc-bfca 1992
522
4
bfca-fcc 5
fjh-fcc 1
gbd-fcc 2
gic-fcc 1
1155
6
bdjd-bbff 5
hg-bbff 5
fcc-bbff 5
ihi-bbff 5
dbh-bbff 5
jig-bbff 1
122
5
bbab-bcc 5
bbff-bcc 5
bebg-bcc 2
jg-bcc 1
hgb-bcc 1
58
3
bfdg-fi 5
hee-fi 1
fg-fi 1
1309
2
hed-bdaj 1
je-bdaj 1
841
3
bbie-ieb 5
fhb-ieb 5
bdaj-ieb 1
541
6
ieb-feb 5
ibd-feb 5
dfh-feb 5
hgh-feb 2
ih-feb 1
cid-feb 1
1329
2
feb-bdcj 1
jjc-bdcj 1
635
4
bchf-gdf 5
gfe-gdf 5
bhc-gdf 1
hjh-gdf 1
261
4
da-cgb 5
deb-cgb 5
gdf-cgb 5
dhd-cgb 1
171
5
hhd-bhb 5
bfbi-bhb 2
fcb-bhb 1
ih-bhb 1
cda-bhb 1
936
7
bh-jdg 2
bhb-jdg 5
dhj-jdg 5
gea-jdg 5
ibi-jdg 5
fbf-jdg 1
cjh-jdg 2
469
6
jj-egj 5
jdg-egj 5
baih-egj 5
ibi-egj 2
dbi-egj 5
ij-egj 1
673
3
did-ghd 2
egj-ghd 5
bae-ghd 1
970
4
ghd-jha 5
jia-jha 5
bea-jha 2
efh-jha 1
1042
5
hbg-baec 5
jha-baec 5
jaa-baec 5
ccb-baec 2
bcac-baec 1
78
3
iba-hi 5
baec-hi 5
ihf-hi 1
1161
4
hgd-bbgb 2
hi-bbgb 5
jff-bbgb 1
iic-bbgb 1
437
5
bbgb-edh 5
beb-edh 1
hcd-edh 3
dah-edh 1
cfj-edh 1
1300
3
edh-bdaa 5
eba-bdaa 1
gcj-bdaa 2
293
2
bdaa-cjd 5
eje-cjd 1
201
6
cjd-cab 5
bdg-cab 5
daf-cab 1
bef-cab 2
jbg-cab 2
jca-cab 1
210
4
bbjf-cba 5
bgdd-cba 5
bccb-cba 5
bfi-cba 1
523
4
cba-fcd 5
ghf-fcd 1
cae-fcd 1
hib-fcd 1
762
4
fea-hgc 2
hje-hgc 5
fia-hgc 5
dej-hgc 1
97
6
bbfg-jh 5
hib-jh 5
dai-jh 5
bcbf-jh 4
ei-jh 1
ecj-jh 1
434
4
jh-ede 5
ffi-ede 5
jbb-ede 5
ejb-ede 1
757
5
bbaj-hfh 4
ede-hfh 5
ihf-hfh 5
eci-hfh 1
ibb-hfh 2
1255
4
iie-bcff 2
begg-bcff 5
hfh-bcff 3
ddd-bcff 1
187
4
bcff-bih 5
dcf-bih 5
hef-bih 2
ccj-bih 1
931
5
cgf-jdb 3
hge-jdb 5
jhc-jdb 2
jji-jdb 1
bbaj-jdb 1
1639
1
jdb-bgdj 1992
1119
3
bahe-bbbj 1
bgdj-bbbj 4
big-bbbj 1
894
4
beef-ije 5
bef-ije 3
bbbj-ije 5
gda-ije 1
819
4
bbcd-ibj 3
dfd-ibj 5
hae-ibj 1
bbdb-ibj 4
1321
2
ibj-bdcb 3
cii-bdcb 1
886
2
hcg-iig 5
ddg-iig 1
1322
2
bdhf-bdcc 5
iig-bdcc 1
918
2
bdcc-jbi 5
hai-jbi 1
320
5
bdii-dca 5
a-dca 1
jbi-dca 5
bda-dca 5
badg-dca 2
190
3
dca-bja 5
ded-bja 5
dig-bja 1
76
4
cgj-hg 5
bja-hg 5
dfj-hg 1
gbd-hg 5
952
3
jgb-jfc 5
cgh-jfc 5
egb-jfc 1
213
8
jfc-cbd 5
bif-cbd 2
eag-cbd 5
cec-cbd 4
jej-cbd 2
bcdc-cbd 5
ehe-cbd 1
chb-cbd 2
1116
3
icb-bbbg 5
ief-bbbg 5
baci-bbbg 1
908
5
gbj-jai 5
bffi-jai 2
efa-jai 3
bbbg-jai 5
hah-jai 1
1506
2
jai-bfag 5
bdad-bfag 1
779
6
bfag-hhj 5
jec-hhj 5
beb-hhj 5
hie-hhj 5
idc-hhj 1
cbg-hhj 2
310
3
hhj-dba 5
gdh-dba 1
bff-dba 1
1197
2
bcjb-bbjh 5
jih-bbjh 1
900
3
bbjh-jaa 5
jbg-jaa 1
cf-jaa 1
765
4
bafe-hgf 5
icd-hgf 5
bci-hgf 1
fea-hgf 4
811
2
bead-ibb 1
iha-ibb 5
902
5
ghg-jac 1
ejj-jac 1
ibb-jac 1
hca-jac 1
bgg-jac 1
843
4
jac-ied 5
bbid-ied 5
bche-ied 1
hhb-ied 1
923
4
jcc-jcd 5
hgh-jcd 5
ied-jcd 1
bagh-jcd 1
204
8
bccg-cae 5
bcb-cae 5
cci-cae 1
jcd-cae 4
hhb-cae 5
bea-cae 1
chb-cae 3
gdi-cae 2
1287
1
cae-bcih 1992
449
4
bcih-eej 5
bcag-eej 5
bbif-eej 5
chc-eej 1
972
4
eej-jhc 5
ced-jhc 2
hei-jhc 1
gga-jhc 1
96
3
daf-jg 5
beb-jg 3
ec-jg 1
647
4
jg-geh 5
bjh-geh 1
iai-geh 1
gah-geh 1
139
6
igg-bdj 2
hhc-bdj 4
geh-bdj 5
jfe-bdj 5
igb-bdj 1
bbbh-bdj 2
62
5
bdfa-gc 5
gge-gc 5
eie-gc 5
bga-gc 1
j-gc 1
1104
6
gc-bbae 5
bcfc-bbae 2
gid-bbae 2
hg-bbae 2
bgba-bbae 4
eah-bbae 1
119
5
fag-bbj 5
bbag-bbj 5
ige-bbj 1
eh-bbj 5
baja-bbj 1
257
7
cie-cfh 5
fjh-cfh 4
bbee-cfh 4
gbg-cfh 1
bee-cfh 2
baj-cfh 1
cid-cfh 2
791
3
cfh-hjb 5
bde-hjb 1
cbb-hjb 1
944
4
hjb-jee 5
ej-jee 2
cfg-jee 5
ceg-jee 1
713
6
bei-hbd 5
bdff-hbd 5
eij-hbd 4
iah-hbd 1
bcbd-hbd 1
jjf-hbd 1
1122
2
hbd-bbcc 5
bgf-bbcc 1
214
1
bbcc-cbe 1992
433
6
bdh-edd 5
cbe-edd 5
gag-edd 4
dfa-edd 5
ebd-edd 2
bai-edd 1
1086
4
hif-baig 4
jgh-baig 2
edd-baig 4
ihc-baig 1
49
3
baig-ej 5
cd-ej 3
jia-ej 1
770
6
ii-hha 5
ihj-hha 5
hdd-hha 5
bi-hha 4
baad-hha 5
dag-hha 1
1093
4
hha-bajd 5
bfjc-bajd 4
edc-bajd 2
hhg-bajd 1
1604
1
bajd-bgae 1992
662
2
id-ggc 1
bgae-ggc 3
1012
5
if-babc 5
baif-babc 4
beag-babc 5
jga-babc 2
ege-babc 1
953
2
babc-jfd 2
fbd-jfd 1
1121
6
hih-bbcb 5
jfd-bbcb 5
djj-bbcb 5
iee-bbcb 5
fbc-bbcb 3
ccc-bbcb 1
357
5
fee-dfh 5
beci-dfh 5
bbcb-dfh 5
fhb-dfh 5
hg-dfh 1
528
7
dfh-fci 5
bbea-fci 5
iba-fci 5
dfd-fci 1
iei-fci 1
fhg-fci 2
dei-fci 3
1019
3
bfib-babj 1
fdc-babj 5
bbcg-babj 5
962
5
ibd-jgc 5
babj-jgc 3
cfa-jgc 1
ied-jgc 3
bba-jgc 1
1050
5
jdj-bafa 5
babe-bafa 5
dgj-bafa 5
cff-bafa 1
hgc-bafa 1
1162
1
bafa-bbgc 1992
243
3
bbgc-ced 5
cah-ced 3
efg-ced 1
1351
2
ijg-bdfb 5
icf-bdfb 1
482
5
bdfb-eic 5
bfef-eic 5
fhi-eic 4
ebb-eic 1
befh-eic 1
1284
2
eic-bcie 5
bbgh-bcie 1
1142
2
bcie-bbec 5
cai-bbec 1
408
4
bbec-eai 5
be-eai 2
efh-eai 4
ffa-eai 1
1261
2
eai-bcgb 2
jae-bcgb 1
992
3
bcgb-jjc 5
jhg-jjc 1
jbg-jjc 1
1041
4
fd-baeb 1
bdcj-baeb 5
iag-baeb 5
bbaf-baeb 2
634
4
baeb-gde 5
cdd-gde 5
gah-gde 2
hed-gde 1
716
5
egh-hbg 1
bdjf-hbg 3
ife-hbg 3
gde-hbg 2
jh-hbg 1
530
6
bhi-fda 5
bbbd-fda 5
cfd-fda 5
bhj-fda 4
edf-fda 5
gca-fda 1
252
3
eca-cfc 1
gef-cfc 5
ieg-cfc 2
1347
2
cfc-bdeh 2
ecj-bdeh 1
162
6
bdeh-bgc 5
ehc-bgc 1
cgd-bgc 5
cff-bgc 1
fd-bgc 1
ffi-bgc 1
799
7
beea-hjj 1
gah-hjj 5
fe-hjj 2
fgd-hjj 5
bgc-hjj 5
bace-hjj 4
cjf-hjj 2
566
2
bih-fgg 1
ice-fgg 1
251
7
fhe-cfb 5
fgg-cfb 3
g-cfb 4
baga-cfb 2
cea-cfb 2
gje-cfb 3
fc-cfb 1
44
3
cfb-ee 2
ejg-ee 1
bacc-ee 2
474
4
bebj-ehe 5
hje-ehe 3
ibh-ehe 5
di-ehe 1
1453
3
dci-befd 3
iia-befd 5
chj-befd 1
1343
2
befd-bded 5
bbbi-bded 1
980
7
bded-jia 5
bje-jia 3
ddg-jia 4
ecc-jia 5
baac-jia 4
baca-jia 1
hdd-jia 1
150
5
cjd-bfa 5
egg-bfa 2
ifi-bfa 1
cdf-bfa 2
ddd-bfa 1
7
1
bfa-h 1992
521
5
bcdf-fcb 5
h-fcb 2
hbb-fcb 5
fij-fcb 1
bhb-fcb 3
613
4
bbcd-gbd 5
fcb-gbd 5
cg-gbd 1
gca-gbd 1
1164
4
eb-bbge 5
bbff-bbge 5
ihg-bbge 1
ddd-bbge 3
1302
2
cgb-bdac 1
gba-bdac 1
1245
2
fbj-bcef 5
fbb-bcef 1
1046
4
bcef-baeg 5
jdc-baeg 5
baic-baeg 1
hhd-baeg 5
373
6
baeg-dhd 5
dgh-dhd 5
cdi-dhd 3
ije-dhd 5
hfh-dhd 2
fhc-dhd 1
836
4
dhd-idg 5
bfi-idg 5
bagf-idg 1
ic-idg 1
1253
3
beie-bcfd 1
idg-bcfd 5
jeh-bcfd 1
830
5
bcfd-ida 5
ehj-ida 1
hee-ida 4
bhf-ida 1
jbh-ida 1
376
4
begf-dhg 1
bfe-dhg 5
ida-dhg 2
beab-dhg 5
130
6
ffa-bda 5
eh-bda 5
dhg-bda 5
dfj-bda 5
ia-bda 1
fbe-bda 1
1078
4
ia-bahi 1
ghc-bahi 5
ceh-bahi 1
hab-bahi 2
532
6
bahi-fdc 5
cif-fdc 5
eg-fdc 1
dhh-fdc 5
bbjb-fdc 2
dad-fdc 2
1547
1
fdc-bfeh 1992
486
4
bfeh-eig 4
ede-eig 1
fdf-eig 1
edi-eig 2
622
8
baee-gcc 3
cdh-gcc 5
bafc-gcc 5
bbii-gcc 2
gaj-gcc 1
ejb-gcc 1
iie-gcc 1
baad-gcc 1
440
4
bgj-eea 4
gcc-eea 4
djh-eea 1
igj-eea 1
1087
6
gcf-baih 4
becj-baih 5
bbgd-baih 1
bcej-baih 1
eea-baih 1
bcgf-baih 1
1264
2
baih-bcge 3
bgh-bcge 1
85
2
bfce-if 1
bcge-if 2
748
3
ie-hei 1
if-hei 5
fad-hei 5
547
5
djg-feh 5
hei-feh 5
bbdc-feh 1
chc-feh 1
bch-feh 1
223
6
bajb-ccd 5
ecd-ccd 2
feh-ccd 3
cjf-ccd 3
eae-ccd 1
dhh-ccd 1
1500
2
ccd-bfaa 2
bhf-bfaa 1
1349
2
jag-bdej 1
bfaa-bdej 1
1596
1
bdej-bfjg 1992
1652
1
bfjg-bgfc 1992
1407
3
bgfc-beah 5
bche-beah 2
jie-beah 1
738
3
beah-hdi 5
iae-hdi 1
bic-hdi 1
543
5
hdi-fed 5
fjd-fed 1
bbhb-fed 5
fdh-fed 2
eac-fed 1
959
5
bdhe-jfj 5
bcc-jfj 3
eac-jfj 1
bcaj-jfj 2
jfa-jfj 1
423
3
dha-ecd 1
jfj-ecd 5
fba-ecd 1
690
2
ecd-gja 5
bajc-gja 1
102
4
gja-bac 5
bfe-bac 5
hj-bac 2
da-bac 1
1118
2
bac-bbbi 5
gee-bbbi 1
850
5
ccc-ifa 5
bbbi-ifa 5
hcf-ifa 5
bdbe-ifa 4
bdih-ifa 1
1498
2
dcf-beji 2
ifa-beji 1
1308
2
baij-bdai 2
bajh-bdai 1
1166
4
bdai-bbgg 5
gfh-bbgg 2
bcde-bbgg 3
ca-bbgg 1
185
5
bgcg-bif 5
babf-bif 5
je-bif 1
cji-bif 2
bahf-bif 1
410
6
bebc-eba 4
bif-eba 5
cee-eba 1
feb-eba 4
gih-eba 1
bjj-eba 1
1362
2
eba-bdgc 5
bcbd-bdgc 1
327
4
jai-dch 5
bdgc-dch 5
dh-dch 3
cjc-dch 1
949
3
dch-jej 5
ehb-jej 5
fgj-jej 1
1649
1
jej-bgej 1992
1568
3
bgej-bfgi 5
bgee-bfgi 1
fea-bfgi 5
1626
1
cba-bgcg 1992
1447
1
bdgc-beeh 1992
118
8
beeh-bbi 5
bech-bbi 2
gfd-bbi 5
cbb-bbi 2
beb-bbi 1
ib-bbi 1
ige-bbi 1
cea-bbi 1
781
3
bbi-hib 5
bbfb-hib 5
ccc-hib 1
471
4
hib-ehb 5
bfc-ehb 3
bj-ehb 1
fei-ehb 2
1609
1
egb-bgaj 1992
582
6
bgaj-fic 5
cea-fic 5
cif-fic 1
ifh-fic 1
hgg-fic 3
ijd-fic 1
18
5
fic-bi 5
babg-bi 5
feh-bi 2
hej-bi 2
bc-bi 1
934
6
bi-jde 5
ha-jde 1
bdgi-jde 2
bcjb-jde 2
bie-jde 1
baad-jde 1
1130
3
jde-bbda 5
ehh-bbda 1
bbji-bbda 2
1434
2
hf-bede 1
bbda-bede 5
37
4
bagf-dh 5
hha-dh 5
gcd-dh 3
db-dh 1
1230
3
dh-bcda 5
beii-bcda 1
ijd-bcda 5
1205
3
bcda-bcaf 5
bbha-bcaf 5
jh-bcaf 1
422
8
bdch-ecc 5
bdie-ecc 2
cd-ecc 5
idf-ecc 3
edi-ecc 5
fbe-ecc 4
babd-ecc 3
gce-ecc 1
1374
4
ecc-bdhe 5
bagb-bdhe 5
jjj-bdhe 5
baia-bdhe 1
194
4
ecd-bje 5
cga-bje 5
eja-bje 1
dgf-bje 1
1350
3
bje-bdfa 5
hdb-bdfa 5
jjf-bdfa 1
1187
2
gc-bbih 5
bfd-bbih 1
904
3
bbih-jae 5
cja-jae 3
ee-jae 1
100
4
dig-baa 5
fhg-baa 1
efg-baa 5
bfg-baa 1
337
4
baa-ddh 5
ef-ddh 5
ech-ddh 5
edi-ddh 1
787
5
ddh-hih 5
bfg-hih 1
iaf-hih 4
bdbe-hih 1
eii-hih 1
1016
3
bdhd-babg 5
beba-babg 5
bbdj-babg 1
1602
1
babg-bgac 1992
156
7
bgac-bfg 5
hj-bfg 5
hhe-bfg 5
efi-bfg 3
bef-bfg 1
be-bfg 1
fh-bfg 1
342
5
bfg-dec 5
bcgh-dec 5
fdc-dec 5
bg-dec 2
ba-dec 1
730
5
dec-hda 5
ffb-hda 5
idc-hda 5
eda-hda 1
ea-hda 2
255
5
ejg-cff 5
bafc-cff 5
hda-cff 5
egj-cff 1
hjf-cff 3
1468
1
cff-begi 1992
1170
2
begi-bbha 5
fbe-bbha 1
735
5
gbh-hdf 5
bbha-hdf 5
dci-hdf 5
bcfg-hdf 3
fad-hdf 1
1293
1
hdf-bcjd 1992
1243
1
bcjd-bced 1992
1174
4
gfe-bbhe 3
id-bbhe 4
fh-bbhe 1
bbgb-bbhe 5
128
7
bbhe-bci 5
bbf-bci 4
bbc-bci 1
bcbc-bci 5
fag-bci 3
bagb-bci 5
fi-bci 1
1133
5
beb-bbdd 4
bci-bbdd 5
eii-bbdd 3
fgh-bbdd 1
gid-bbdd 3
810
5
bbbj-iba 4
bafb-iba 5
ejb-iba 1
bbba-iba 5
bcb-iba 5
301
6
bef-dab 5
hi-dab 5
bace-dab 3
icf-dab 1
ede-dab 1
cjh-dab 1
1631
1
jdd-bgdb 1992
947
3
bgdb-jeh 5
ddj-jeh 4
bafe-jeh 1
1288
3
jeh-bcii 4
bafh-bcii 1
cga-bcii 3
1576
2
ibi-bfhg 1
bfhi-bfhg 4
731
4
bfhg-hdb 5
bejg-hdb 5
jh-hdb 1
fei-hdb 3
1110
5
hdb-bbba 5
cgd-bbba 5
jid-bbba 5
babb-bbba 2
hde-bbba 1
1521
3
gaj-bfcb 5
bbba-bfcb 5
gfa-bfcb 1
571
5
beeb-fhb 5
bfcb-fhb 5
beaa-fhb 4
hfe-fhb 1
feb-fhb 4
1061
2
fhb-bagb 5
bcgd-bagb 1
544
5
bbaa-fee 5
ecb-fee 5
ihf-fee 5
fff-fee 2
be-fee 1
319
6
dhd-dbj 5
bb-dbj 3
gjf-dbj 5
dad-dbj 5
cgb-dbj 1
cg-dbj 1
864
3
hjc-ige 5
dbj-ige 2
dbi-ige 1
45
7
beeh-ef 4
cih-ef 5
cij-ef 2
ige-ef 5
egh-ef 1
bgd-ef 1
bgb-ef 1
364
6
bccf-dge 5
beaa-dge 5
hcj-dge 3
dc-dge 3
ef-dge 4
ifc-dge 1
442
3
dge-eec 5
hci-eec 5
bha-eec 1
346
5
fhd-deg 5
hia-deg 5
eec-deg 5
cdh-deg 1
cfb-deg 3
1456
1
bah-befg 1992
740
8
befg-hea 5
djb-hea 5
fdf-hea 5
bdfd-hea 5
bcji-hea 5
jjg-hea 5
jb-hea 1
cb-hea 3
391
2
jjj-djb 5
eee-djb 1
747
4
hii-heh 5
dcb-heh 4
ed-heh 1
ggc-heh 3
166
6
bcaa-bgg 5
ehg-bgg 5
babe-bgg 2
heh-bgg 5
bdde-bgg 5
id-bgg 1
1080
3
bgg-baia 5
gaf-baia 1
jif-baia 4
907
6
bchh-jah 5
baia-jah 5
fie-jah 5
bcif-jah 2
cfe-jah 2
bajg-jah 1
744
3
bfhd-hee 5
gbf-hee 5
ijb-hee 1
1531
1
iih-bfdb 1992
1497
1
bdaa-bejh 1992
1169
4
bejh-bbgj 5
eah-bbgj 5
bbcj-bbgj 5
hjc-bbgj 1
1428
1
bbgj-beci 1992
1107
4
cja-bbah 5
bfjh-bbah 1
beci-bbah 5
fhe-bbah 5
1412
1
bbah-bebc 1992
872
3
ehj-ihc 5
eba-ihc 1
jfd-ihc 1
1538
2
fgc-bfdi 5
ihc-bfdi 1
488
4
bfdi-eii 5
fij-eii 1
bgb-eii 4
cfd-eii 3
1296
2
eii-bcjg 5
jce-bcjg 1
517
6
fdh-fbh 5
fgb-fbh 3
bc-fbh 5
bcjg-fbh 4
hca-fbh 2
ib-fbh 1
1366
1
fbh-bdgg 1992
1510
1
bdgg-bfba 1992
1594
1
bfba-bfje 1992
1613
2
bfje-bgbd 3
bfb-bgbd 1
749
4
bgbd-hej 5
gcc-hej 1
ccd-hej 3
cec-hej 5
1526
3
bgdj-bfcg 4
cjc-bfcg 5
bfgg-bfcg 1
325
5
bbja-dcf 5
cgb-dcf 3
bhe-dcf 1
fea-dcf 2
fce-dcf 1
263
6
bafd-cgd 5
dcf-cgd 5
bafi-cgd 4
bec-cgd 2
bajg-cgd 1
dcj-cgd 3
803
5
cgd-iad 5
dd-iad 1
d-iad 4
cba-iad 2
jcd-iad 1
472
2
iad-ehc 3
cdh-ehc 1
942
5
badg-jec 4
bdfg-jec 4
dae-jec 4
ehc-jec 5
bgb-jec 1
1276
4
hga-bchg 5
bebi-bchg 5
hhj-bchg 4
idc-bchg 1
852
6
cee-ifc 5
ejj-ifc 5
bchg-ifc 5
jid-ifc 5
gfa-ifc 3
fdj-ifc 1
164
3
hci-bge 4
jif-bge 4
d-bge 1
1268
4
fca-bcgi 5
hce-bcgi 5
bge-bcgi 3
bfh-bcgi 1
533
9
eaf-fdd 5
hid-fdd 5
bfha-fdd 5
bfie-fdd 2
edd-fdd 5
baei-fdd 5
bei-fdd 5
dfb-fdd 3
baif-fdd 1
1027
3
bih-bach 5
baag-bach 2
fdd-bach 1
831
7
ghi-idb 5
bach-idb 5
cdh-idb 4
fce-idb 5
bfjd-idb 3
cii-idb 4
jcb-idb 1
789
6
jff-hij 3
bji-hij 5
dif-hij 5
hag-hij 2
bbbd-hij 1
fj-hij 1
603
5
bdfe-gad 5
hij-gad 5
bf-gad 1
jjh-gad 2
bjc-gad 1
725
5
gad-hcf 5
b-hcf 3
bbae-hcf 1
hhc-hcf 1
cih-hcf 1
720
7
hcf-hca 5
ead-hca 5
jid-hca 5
ibe-hca 5
cib-hca 5
g-hca 1
ejj-hca 1
312
2
dah-dbc 1
hca-dbc 2
1318
2
dbc-bdbi 3
bfbc-bdbi 1
710
3
bdbi-hba 5
bega-hba 5
gee-hba 1
435
6
bdag-edf 4
fah-edf 2
hba-edf 5
bdfe-edf 5
dic-edf 4
ci-edf 1
476
5
edf-ehg 5
bdgh-ehg 5
hda-ehg 5
cgg-ehg 1
ddb-ehg 1
1117
2
ehg-bbbh 3
bagc-bbbh 1
580
4
gcc-fia 5
hga-fia 5
bb-fia 1
cdd-fia 1
1513
3
bbjd-bfbd 1
dcg-bfbd 5
fia-bfbd 5
621
6
bfbd-gcb 5
cab-gcb 5
jca-gcb 2
bch-gcb 1
bafh-gcb 4
bbbb-gcb 1
313
5
gcb-dbd 5
bdjf-dbd 5
bbg-dbd 1
bfg-dbd 5
ceg-dbd 1
1044
1
baeg-baee 1992
892
4
cgi-ijc 5
hg-ijc 3
bbf-ijc 4
bcij-ijc 1
254
2
ijc-cfe 5
jf-cfe 1
20
4
gjh-ca 5
dfg-ca 2
cd-ca 1
bai-ca 1
277
2
cid-chh 1
ca-chh 1
239
3
ega-cdj 5
hgg-cdj 3
chh-cdj 1
215
2
bff-cbf 2
cdj-cbf 1
1548
1
cbf-bfei 1992
883
4
ffa-iid 5
iae-iid 2
cej-iid 2
bfei-iid 1
302
5
iid-dac 5
bgi-dac 4
dce-dac 5
fgc-dac 2
de-dac 1
332
5
bfjb-ddc 5
bja-ddc 5
dac-ddc 5
ia-ddc 1
beg-ddc 3
394
7
beaj-dje 5
bbj-dje 5
he-dje 1
hag-dje 1
ddc-dje 1
dbi-dje 1
dbh-dje 1
468
4
hef-egi 5
cdi-egi 2
efa-egi 2
ghc-egi 1
865
1
egi-igf 1992
494
6
iei-eje 3
bfj-eje 1
cif-eje 1
gic-eje 1
ebj-eje 2
ege-eje 1
1004
2
eje-baae 5
dib-baae 1
1105
2
eff-bbaf 5
hhg-bbaf 1
484
5
ffj-eie 5
gbb-eie 5
baf-eie 2
gcf-eie 2
bbaf-eie 1
514
3
bceh-fbe 5
bajc-fbe 2
fgi-fbe 1
366
2
bg-dgg 1
bced-dgg 1
269
4
ifi-cgj 5
eag-cgj 5
fei-cgj 2
dgg-cgj 1
711
4
fac-hbb 5
cfb-hbb 2
eee-hbb 1
cgj-hbb 1
776
4
hbb-hhg 5
dgd-hhg 5
bcd-hhg 1
ga-hhg 1
1599
1
hhg-bfjj 1992
447
2
gbb-eeh 2
fbd-eeh 1
889
1
baaa-iij 1992
136
7
bahh-bdg 5
bbij-bdg 5
jdg-bdg 4
cha-bdg 3
djj-bdg 1
ch-bdg 1
dhi-bdg 1
483
6
bfhj-eid 5
bdg-eid 5
hc-eid 3
bddi-eid 3
fbg-eid 1
ejg-eid 1
336
3
eid-ddg 5
cgc-ddg 1
cdi-ddg 1
683
2
cjj-gid 5
ddg-gid 1
388
2
bdeg-dii 1
bage-dii 2
345
3
jfi-def 5
bajh-def 4
ceb-def 1
1184
3
dee-bbie 5
bbhj-bbie 1
def-bbie 5
1625
1
cib-bgcf 1992
782
4
chh-hic 1
bgcf-hic 5
dhd-hic 5
dcc-hic 5
195
6
bccc-bjf 1
hic-bjf 5
baff-bjf 5
ecg-bjf 5
hii-bjf 5
hie-bjf 1
38
1
haf-di 1992
1103
2
jbh-bbad 1
bbag-bbad 1
875
5
bbad-ihf 5
ijj-ihf 4
cfb-ihf 1
bfcc-ihf 3
eh-ihf 1
855
5
efe-iff 5
bjb-iff 1
cgi-iff 1
jgf-iff 2
fb-iff 1
116
6
gdc-bbg 5
eg-bbg 5
iff-bbg 5
bbbj-bbg 5
cbd-bbg 1
eba-bbg 5
760
2
bbg-hga 5
fdb-hga 1
570
3
bfig-fha 1
fhc-fha 5
bfi-fha 3
317
5
fha-dbh 5
caa-dbh 3
cid-dbh 1
gfj-dbh 1
cdb-dbh 1
1271
2
bdfj-bchb 5
hhd-bchb 1
1259
4
bchb-bcfj 5
cig-bcfj 4
ibc-bcfj 5
jii-bcfj 1
1005
2
baae-baaf 5
bdej-baaf 1
227
3
baaf-cch 5
egd-cch 5
ice-cch 1
1388
2
fbg-bdii 1
cch-bdii 5
460
8
feh-ega 5
bja-ega 5
jca-ega 5
bac-ega 5
icf-ega 1
cbg-ega 4
bbac-ega 1
cgd-ega 1
253
6
bchd-cfd 5
a-cfd 1
geb-cfd 5
cje-cfd 5
bcdh-cfd 2
ccg-cfd 2
707
4
efj-hah 5
fda-hah 5
dcd-hah 1
ghg-hah 1
985
4
bb-jif 5
hah-jif 5
dge-jif 5
bdih-jif 1
1134
1
jif-bbde 1992
31
6
cbh-db 3
bbde-db 5
cd-db 2
gi-db 1
bc-db 1
cfj-db 1
70
3
db-ha 5
bda-ha 1
ecc-ha 1
565
2
ha-fgf 5
def-fgf 1
99
3
bcee-jj 2
fgf-jj 1
dej-jj 1
431
6
gdd-edb 5
jj-edb 5
gec-edb 5
iia-edb 3
fb-edb 3
ff-edb 1
1180
3
ei-bbia 3
edb-bbia 3
ij-bbia 1
540
5
ee-fea 1
bbia-fea 5
bdcd-fea 5
bceb-fea 5
caf-fea 1
1052
4
hii-bafc 5
jce-bafc 1
gfg-bafc 4
bbef-bafc 5
270
6
egj-cha 5
dcb-cha 5
gfh-cha 5
ged-cha 5
bhi-cha 1
dhj-cha 2
189
6
ba-bij 1
cia-bij 5
cha-bij 5
gfi-bij 1
eab-bij 1
bcj-bij 1
182
3
baa-bic 3
hdc-bic 1
eee-bic 2
1601
1
fga-bgab 1992
648
4
iba-gei 5
daf-gei 5
ffa-gei 5
eeb-gei 1
250
5
gei-cfa 5
bdhb-cfa 5
ice-cfa 5
hdi-cfa 5
eb-cfa 1
796
7
jdh-hjg 3
gdj-hjg 4
eda-hjg 4
cfa-hjg 5
jgg-hjg 5
igd-hjg 1
gci-hjg 4
1588
2
hjg-bfii 3
edc-bfii 1
1316
3
bfii-bdbg 1
ddc-bdbg 1
hdj-bdbg 1
249
8
bbeg-cej 5
bh-cej 5
bbee-cej 5
dif-cej 5
ef-cej 1
jej-cej 1
gig-cej 1
bda-cej 1
402
5
cej-eac 5
bagg-eac 5
jhi-eac 1
bcc-eac 1
big-eac 1
25
4
def-cf 5
eac-cf 5
bbci-cf 2
fhg-cf 1
1585
2
caa-bfif 1
dfi-bfif 5
1055
2
bfif-baff 5
hcj-baff 1
222
3
bcda-ccc 1
jfh-ccc 5
eag-ccc 2
121
4
bbgc-bcb 5
fba-bcb 5
bbdg-bcb 5
bdea-bcb 1
367
1
idi-dgh 1992
1408
1
ida-beai 1992
14
4
beai-be 5
fec-be 1
bbbj-be 1
babg-be 1
856
3
bgeb-ifg 5
be-ifg 5
jci-ifg 1
1032
3
ifg-badc 5
hfg-badc 4
cad-badc 1
35
5
bfgb-df 5
igi-df 5
gc-df 1
iei-df 1
ibf-df 1
599
3
bbg-fjj 3
gj-fjj 1
ddi-fjj 1
846
5
ffh-ieg 5
idd-ieg 5
hcd-ieg 4
fjj-ieg 2
ebg-ieg 1
695
3
ieg-gjf 3
dig-gjf 2
hdh-gjf 1
564
2
gjf-fge 5
ibf-fge 1
562
5
bagf-fgc 5
cjb-fgc 2
dgd-fgc 3
dbd-fgc 4
jad-fgc 1
1385
2
f-bdif 1
fgc-bdif 1
1341
2
bdif-bdeb 1
jaf-bdeb 1
1446
3
he-beeg 5
bdeb-beeg 5
befc-beeg 1
1629
1
beeg-bgcj 1992
813
2
bgcj-ibd 2
bdhd-ibd 1
1529
2
gh-bfcj 1
dif-bfcj 1
646
4
bfcj-geg 5
gaj-geg 1
cie-geg 3
baaa-geg 1
551
7
cfd-ffb 4
dab-ffb 5
ica-ffb 5
jfe-ffb 5
i-ffb 3
gda-ffb 1
cbd-ffb 1
751
5
bff-hfb 2
icd-hfb 5
egc-hfb 1
gc-hfb 1
beh-hfb 1
498
5
d-eji 3
hfb-eji 3
cdd-eji 2
cgh-eji 1
dih-eji 1
1160
2
jbc-bbga 5
eji-bbga 1
1265
1
bbga-bcgf 1992
680
4
hbf-gia 5
ied-gia 5
egg-gia 5
ccg-gia 1
524
3
gia-fce 5
baec-fce 5
gjh-fce 1
825
4
fce-icf 5
dbb-icf 3
cih-icf 2
bcha-icf 1
1445
2
hhf-beef 1
icf-beef 5
940
2
ije-jea 5
ef-jea 1
661
3
bee-ggb 5
eae-ggb 5
bej-ggb 1
1085
1
jcb-baif 1992
72
3
ejc-hc 5
dbf-hc 5
cif-hc 1
339
6
haa-ddj 5
ecg-ddj 5
ihj-ddj 5
ehi-ddj 1
dia-ddj 2
ccd-ddj 1
232
6
ddj-cdc 5
fad-cdc 5
eb-cdc 1
gac-cdc 1
hjg-cdc 2
ccj-cdc 2
42
5
cdc-ec 5
fi-ec 3
ege-ec 4
fc-ec 1
ci-ec 1
746
2
bcdd-heg 5
fid-heg 1
633
4
hfi-gdd 1
bcag-gdd 4
dgb-gdd 2
efh-gdd 1
273
4
bfbg-chd 5
ebh-chd 1
cjc-chd 1
dfj-chd 1
258
5
dhi-cfi 5
eec-cfi 1
bcfi-cfi 2
chd-cfi 1
badf-cfi 1
259
6
cfi-cfj 5
beb-cfj 4
bd-cfj 1
fh-cfj 1
efb-cfj 1
dib-cfj 1
108
2
bda-bai 1
cfj-bai 1
1504
3
bfah-bfae 5
ecc-bfae 5
bai-bfae 1
1375
2
bcdh-bdhf 1
bfae-bdhf 5
314
3
bcaf-dbe 5
dac-dbe 1
dfh-dbe 1
700
4
bcea-haa 5
bjj-haa 2
dbe-haa 1
dg-haa 1
153
3
jgi-bfd 1
haa-bfd 1
cie-bfd 1
1081
2
iac-baib 1
hih-baib 1
525
7
baib-fcf 5
ehe-fcf 5
ebi-fcf 5
bff-fcf 3
cce-fcf 3
cgf-fcf 2
ejd-fcf 1
1490
1
cid-beja 1992
808
3
dje-iai 5
jh-iai 1
beja-iai 5
997
1
geh-jjh 1992
693
1
gad-gjd 1992
298
6
bdce-cji 5
hbd-cji 2
id-cji 3
bee-cji 1
bdcg-cji 1
dbj-cji 1
396
7
bceg-djg 4
efi-djg 5
baa-djg 2
hca-djg 5
bcc-djg 1
cji-djg 2
jbc-djg 1
141
7
hia-beb 5
fe-beb 1
djg-beb 3
edh-beb 3
dci-beb 4
cbg-beb 2
ffd-beb 1
266
5
fhc-cgg 5
bii-cgg 1
bgae-cgg 2
bdh-cgg 2
dib-cgg 1
318
5
edd-dbi 5
bcaa-dbi 3
fah-dbi 1
eia-dbi 1
ch-dbi 1
1496
2
bcag-bejg 5
cha-bejg 1
500
5
dfb-faa 1
ice-faa 5
deg-faa 4
bbba-faa 5
dhg-faa 3
1325
1
faa-bdcf 1992
615
4
bdcf-gbf 1
bbeh-gbf 1
fgd-gbf 1
ccj-gbf 2
1024
2
dhb-bace 1
bbcd-bace 1
3
6
bcb-d 5
ii-d 5
cd-d 2
cbd-d 1
bjg-d 1
hcj-d 2
334
8
fbe-dde 2
ifj-dde 1
d-dde 5
ghh-dde 5
dbe-dde 2
bbj-dde 2
gaa-dde 1
ejf-dde 4
1494
1
baag-beje 1992
1234
5
beje-bcde 4
bcha-bcde 1
baji-bcde 4
gic-bcde 1
cba-bcde 1
609
2
di-gaj 5
bcde-gaj 1
40
5
jjh-ea 3
eee-ea 2
jff-ea 2
fda-ea 2
cgg-ea 1
845
4
ea-ief 1
bbah-ief 5
bfc-ief 5
hag-ief 1
340
6
ief-dea 5
ejd-dea 5
dia-dea 1
edh-dea 3
ebe-dea 1
bgi-dea 2
1409
2
dea-beaj 5
bcea-beaj 1
1483
2
iai-beid 2
bdje-beid 1
17
3
ihi-bh 5
bgeh-bh 4
hjd-bh 1
526
4
bbe-fcg 1
gcc-fcg 5
bcah-fcg 1
eig-fcg 1
142
8
bdei-bec 5
hea-bec 5
ii-bec 5
hj-bec 5
eei-bec 4
ica-bec 2
hff-bec 1
bdh-bec 1
1353
2
bec-bdfd 5
efb-bdfd 1
1377
1
bdfd-bdhh 1992
1045
4
fi-baef 5
gj-baef 1
bdbf-baef 1
efd-baef 2
1007
2
baef-baah 5
jab-baah 1
463
3
cfa-egd 5
bdhg-egd 5
bbf-egd 1
1641
1
ega-bgeb 1992
619
4
bbfi-gbj 5
jej-gbj 1
gch-gbj 3
eaa-gbj 1
734
3
jfh-hde 5
bbjf-hde 5
gdj-hde 1
976
2
hde-jhg 5
fbi-jhg 1
1317
1
jhg-bdbh 1992
1279
1
jcd-bchj 1992
847
4
caj-ieh 4
bge-ieh 3
bchj-ieh 5
bjg-ieh 1
147
9
ieh-beh 5
hi-beh 5
bab-beh 5
gdd-beh 1
jbj-beh 4
ccg-beh 2
cia-beh 3
ef-beh 2
ih-beh 1
1383
1
beh-bdid 1992
916
5
baie-jbg 5
ehd-jbg 5
bjd-jbg 1
bdid-jbg 5
igc-jbg 1
851
3
dfh-ifb 5
bagh-ifb 5
fgh-ifb 1
1466
2
ifb-begg 4
bfai-begg 1
1226
2
begg-bccg 3
badf-bccg 1
520
5
bccg-fca 5
gaj-fca 5
jib-fca 4
bcie-fca 1
dce-fca 2
862
3
bcgi-igc 5
gh-igc 1
eaf-igc 5
1215
2
igc-bcbf 1
bged-bcbf 1
1333
2
bcbf-bddd 1
daa-bddd 1
1171
2
iec-bbhb 5
djd-bbhb 1
1390
2
bbhb-bdja 5
bdeb-bdja 1
706
6
dfg-hag 1
hje-hag 5
beje-hag 1
bcgb-hag 3
ecj-hag 1
dic-hag 2
727
4
fci-hch 2
ghe-hch 1
gdg-hch 3
jcb-hch 1
27
6
bjd-ch 2
hch-ch 2
jgg-ch 5
ddb-ch 2
dji-ch 3
cd-ch 1
110
5
gdc-bba 5
fbe-bba 5
dic-bba 2
je-bba 2
hi-bba 1
1627
1
cga-bgch 1992
1206
2
bgch-bcag 5
babb-bcag 1
114
3
cb-bbe 1
cie-bbe 1
ehd-bbe 4
986
3
gha-jig 5
bbe-jig 1
bafi-jig 2
620
7
haj-gca 3
bbfc-gca 1
jig-gca 1
hbg-gca 4
gfd-gca 2
iid-gca 1
ddd-gca 2
1460
1
gca-bega 1992
1097
2
bia-bajh 1
hba-bajh 1
290
5
hcj-cja 3
ead-cja 1
bcaa-cja 3
ehg-cja 2
ija-cja 1
1026
2
bgdb-bacg 1
cja-bacg 1
618
7
bbeh-gbi 5
ej-gbi 4
ifc-gbi 5
bacg-gbi 5
dbi-gbi 5
cfd-gbi 1
dib-gbi 1
1135
3
gbi-bbdf 5
baed-bbdf 4
gbc-bbdf 1
1247
4
bbdf-bceh 5
bdae-bceh 5
fab-bceh 2
bge-bceh 1
1298
2
ida-bcji 5
dg-bcji 1
333
4
beef-ddd 5
bci-ddd 3
hed-ddd 1
gfa-ddd 1
221
6
jeh-ccb 2
ddd-ccb 2
ejj-ccb 1
d-ccb 1
eig-ccb 1
bjj-ccb 1
57
7
bejb-fh 5
ccb-fh 2
jie-fh 1
bdb-fh 1
jjd-fh 1
jh-fh 1
d-fh 2
1396
1
bdef-bdjg 1992
1418
1
fad-bebi 1992
233
2
bebi-cdd 3
db-cdd 1
689
5
ehf-gij 2
ehh-gij 2
ibd-gij 5
bei-gij 4
fgh-gij 1
74
7
bcjc-he 5
bebb-he 3
hc-he 4
bgi-he 5
gij-he 3
bcd-he 1
gig-he 1
491
3
ibd-ejb 5
bhc-ejb 3
cdi-ejb 1
1210
2
ejb-bcba 2
gfc-bcba 1
1021
6
jhb-bacb 1
bgbj-bacb 5
heb-bacb 5
jg-bacb 5
bcje-bacb 5
jce-bacb 3
961
1
ecd-jgb 1992
79
2
jfc-hj 5
gfg-hj 1
511
5
jgi-fbb 5
fid-fbb 3
geh-fbb 1
fic-fbb 1
jih-fbb 3
287
2
icg-cih 5
cda-cih 1
218
2
ede-cbi 5
ebh-cbi 1
341
5
hgj-deb 3
cbi-deb 5
hfg-deb 5
fei-deb 5
hha-deb 1
537
7
bcjh-fdh 2
deb-fdh 5
gf-fdh 1
cdc-fdh 5
ffa-fdh 5
hjd-fdh 3
cjd-fdh 5
508
4
fdh-fai 5
badj-fai 4
gdj-fai 1
bcj-fai 1
1048
4
bagg-baei 5
bcig-baei 5
bhc-baei 5
chj-baei 1
1054
3
fdd-bafe 5
bgf-bafe 1
dhc-bafe 1
1527
1
bafe-bfch 1992
52
5
bfch-fc 5
fif-fc 5
eab-fc 1
bcj-fc 1
jb-fc 1
1438
2
iib-bedi 5
bfba-bedi 1
915
5
bedi-jbf 5
gfg-jbf 5
hai-jbf 5
jbe-jbf 1
cc-jbf 4
911
2
dhg-jbb 1
gjc-jbb 1
5
5
bdjf-f 5
jbb-f 2
jcc-f 1
ff-f 1
bc-f 1
1559
1
eda-bffj 1992
814
3
fba-ibe 5
bbcc-ibe 5
jbe-ibe 1
485
4
fdf-eif 5
daa-eif 2
djj-eif 1
hac-eif 1
1148
2
eif-bbei 1
gej-bbei 1
885
2
bbei-iif 1
hif-iif 1
861
2
cif-igb 5
gb-igb 1
628
6
bga-gci 5
igb-gci 5
cea-gci 5
gid-gci 3
fdc-gci 2
ghh-gci 1
1039
4
bjf-badj 5
bbhf-badj 3
ff-badj 1
ijj-badj 1
403
4
caf-ead 5
dce-ead 3
chj-ead 1
dj-ead 1
489
5
jae-eij 5
dcc-eij 5
dfg-eij 5
ief-eij 5
bje-eij 1
160
2
hbd-bga 4
efe-bga 1
188
5
bga-bii 3
bcej-bii 5
ejd-bii 3
dfa-bii 2
caj-bii 1
897
2
bii-ijh 2
hhg-ijh 1
1198
3
bch-bbji 1
hhi-bbji 1
ijh-bbji 1
1209
1
bbji-bcaj 1992
1508
1
bcaj-bfai 1992
450
6
hch-efa 5
jia-efa 5
dhd-efa 1
bccg-efa 5
egc-efa 1
cbb-efa 1
996
2
gfc-jjg 2
efa-jjg 1
137
4
feh-bdh 2
edg-bdh 1
jjg-bdh 3
ce-bdh 1
457
7
ded-efh 5
iic-efh 5
igc-efh 5
dci-efh 3
bbeg-efh 3
ibb-efh 2
fde-efh 1
1328
2
ci-bdci 1
efh-bdci 3
778
2
bdci-hhi 5
dcj-hhi 1
1277
5
bbij-bchh 4
bcjj-bchh 5
hhi-bchh 3
cjb-bchh 1
bcjb-bchh 1
299
6
jah-cjj 5
bfeb-cjj 5
bgh-cjj 4
fci-cjj 1
bcie-cjj 3
cc-cjj 2
868
3
bbg-igi 5
bcbj-igi 5
gag-igi 1
1580
1
df-bfia 1992
977
2
bfia-jhh 5
gab-jhh 1
1285
2
bdjb-bcif 5
jhh-bcif 1
89
4
ife-ij 3
bcd-ij 5
dbi-ij 1
fbc-ij 1
1635
1
bbia-bgdf 1992
877
3
cib-ihh 5
gih-ihh 2
eef-ihh 1
1509
1
bcjd-bfaj 1992
1432
2
bfaj-bedc 5
baic-bedc 1
863
3
ife-igd 4
ggg-igd 5
hfd-igd 1
1439
1
igd-bedj 1992
632
5
cah-gdc 1
babf-gdc 1
ifc-gdc 3
gbe-gdc 1
igj-gdc 1
906
3
cg-jag 3
cbc-jag 5
bdij-jag 1
890
3
dbj-ija 2
iaa-ija 2
bcfe-ija 1
913
3
bfad-jbd 2
dij-jbd 1
bgh-jbd 1
131
8
deh-bdb 5
efd-bdb 5
djh-bdb 2
bfc-bdb 1
jbg-bdb 2
cda-bdb 1
fib-bdb 1
bhb-bdb 2
386
3
fcd-dig 4
edj-dig 1
hih-dig 1
805
4
ejf-iaf 5
gjf-iaf 5
jd-iaf 1
ecj-iaf 5
1436
1
jbg-bedg 1992
1077
4
bedg-bahh 5
jab-bahh 1
hea-bahh 5
bahg-bahh 5
445
5
bdg-eef 5
dej-eef 2
bdcd-eef 5
jad-eef 1
bie-eef 2
1659
1
eef-bgfj 1992
365
4
bffd-dgf 2
bbba-dgf 5
jfj-dgf 2
dhf-dgf 1
12
6
dgf-bc 5
hbf-bc 5
daa-bc 5
ccj-bc 2
baid-bc 1
ddf-bc 1
154
5
dch-bfe 5
baea-bfe 5
gbc-bfe 5
cgh-bfe 5
hff-bfe 1
1123
3
baii-bbcd 5
gje-bbcd 5
jjd-bbcd 1
552
4
hbb-ffc 5
bdj-ffc 2
bgc-ffc 5
ejg-ffc 1
712
3
ffc-hbc 5
jdg-hbc 5
bdif-hbc 1
502
5
cbi-fac 1
bbii-fac 5
hbc-fac 5
cbh-fac 1
hdh-fac 3
178
5
eaj-bhi 5
ibh-bhi 5
gbb-bhi 3
cdb-bhi 1
bacb-bhi 1
217
5
bhi-cbh 5
jhi-cbh 5
bfg-cbh 1
ej-cbh 2
caj-cbh 1
1172
3
cbh-bbhc 5
bca-bbhc 2
jdi-bbhc 1
1146
3
bgbc-bbeg 1
bcjg-bbeg 2
eca-bbeg 3
1152
2
ibh-bbfc 5
bfej-bbfc 1
191
4
bcdb-bjb 4
db-bjb 1
bbee-bjb 5
fed-bjb 1
77
7
bjb-hh 5
gcj-hh 5
beic-hh 2
cae-hh 4
caa-hh 1
bdh-hh 2
jae-hh 2
649
5
hgi-gej 5
fec-gej 5
gda-gej 1
cab-gej 1
bge-gej 1
1425
2
hce-becf 4
fed-becf 1
820
5
becf-ica 5
dgi-ica 5
bcfh-ica 4
edc-ica 2
jde-ica 1
1071
2
bgah-bahb 4
cgc-bahb 1
905
2
bgd-jaf 1
bdig-jaf 3
328
5
bcef-dci 5
dae-dci 5
ehi-dci 5
ddg-dci 5
cge-dci 1
170
6
gi-bha 5
bde-bha 2
bi-bha 3
ddd-bha 1
edd-bha 1
bff-bha 1
155
4
eec-bff 5
gfe-bff 5
bcie-bff 3
fdh-bff 1
196
3
df-bjg 2
dih-bjg 3
cec-bjg 1
784
2
bgbb-hie 3
bjg-hie 1
398
4
hhj-dji 4
bahj-dji 1
cic-dji 1
cha-dji 1
774
5
eff-hhe 5
gja-hhe 2
bdfa-hhe 3
fcd-hhe 1
dji-hhe 2
1040
3
hdd-baea 5
he-baea 1
cid-baea 3
406
5
gff-eag 5
ca-eag 2
cfa-eag 1
hgb-eag 2
hea-eag 4
1129
2
hee-bbcj 4
bbbb-bbcj 1
1208
1
bbcj-bcai 1992
1630
1
bcai-bgda 1992
1545
4
faa-bfef 2
ied-bfef 5
bgda-bfef 1
bgaf-bfef 1
101
4
chf-bab 3
jhg-bab 1
ede-bab 2
eic-bab 2
441
4
hei-eeb 2
hgh-eeb 4
bab-eeb 1
dec-eeb 1
1370
3
daj-bdha 2
behi-bdha 4
gfj-bdha 1
775
4
bafj-hhf 5
bcf-hhf 5
ed-hhf 1
dag-hhf 3
112
4
chf-bbc 5
gbg-bbc 1
jje-bbc 5
dgb-bbc 3
590
2
edj-fja 5
cih-fja 1
1275
2
bfag-bchf 5
hdj-bchf 1
1354
2
gdf-bdfe 1
bfeg-bdfe 1
1441
2
bbee-beeb 1
hcf-beeb 4
198
1
beeb-bji 1992
90
2
hij-ja 5
bei-ja 1
135
6
gbf-bdf 5
gea-bdf 5
hcg-bdf 5
bbab-bdf 5
hc-bdf 1
bhe-bdf 1
1336
1
badj-bddg 1992
809
3
bddg-iaj 5
gbh-iaj 1
gci-iaj 1
41
3
cdi-eb 5
bbfc-eb 5
hac-eb 1
1562
1
bdac-bfgc 1992
63
5
bfgc-gd 5
icd-gd 1
daj-gd 2
dai-gd 2
cfj-gd 2
898
1
gd-iji 1992
1301
2
iji-bdab 1
bdib-bdab 1
604
6
bfi-gae 5
hca-gae 4
bd-gae 3
ghc-gae 4
eig-gae 1
jci-gae 2
47
5
bbei-eh 5
gdh-eh 5
bbfg-eh 5
fdd-eh 1
bjb-eh 3
946
2
bbj-jeg 5
baib-jeg 1
1001
5
jeg-baab 5
efi-baab 5
ifd-baab 5
bc-baab 2
bbdf-baab 1
612
6
baab-gbc 5
hb-gbc 4
bbhc-gbc 5
bbh-gbc 1
bej-gbc 1
ga-gbc 1
640
4
edi-gea 3
dea-gea 5
eaa-gea 3
cda-gea 1
197
5
cd-bjh 5
bcb-bjh 4
jeb-bjh 2
gfd-bjh 1
djg-bjh 1
595
3
jhf-fjf 1
fhc-fjf 1
bahg-fjf 1
192
5
baad-bjc 5
ibe-bjc 4
ggh-bjc 1
bagc-bjc 1
eia-bjc 1
818
5
fdi-ibi 5
gi-ibi 1
bjc-ibi 5
fii-ibi 4
jib-ibi 4
1507
1
jbf-bfah 1992
492
6
gji-ejc 1
ggd-ejc 5
bcbe-ejc 5
daj-ejc 2
hgb-ejc 2
eia-ejc 1
1330
2
efh-bdda 5
bebj-bdda 1
1194
1
cbd-bbje 1992
1633
3
ede-bgdd 5
bhf-bgdd 5
bffd-bgdd 1
432
4
baa-edc 5
ihi-edc 4
bhb-edc 1
dci-edc 1
1292
2
bbaf-bcjc 1
bbdg-bcjc 1
105
5
bdbh-baf 5
cj-baf 4
cbg-baf 1
bcb-baf 2
cgb-baf 1
1636
1
baf-bgdg 1992
783
1
bgdg-hid 1992
761
6
hfc-hgb 4
bccd-hgb 1
gcc-hgb 1
bdf-hgb 1
iaj-hgb 1
dfj-hgb 1
352
5
fgg-dfc 3
fgj-dfc 5
eb-dfc 3
ca-dfc 4
ddc-dfc 1
967
2
dfc-jgh 1
jcb-jgh 1
1216
3
dbh-bcbg 1
behc-bcbg 2
iea-bcbg 5
1373
2
bae-bdhd 1
bcbg-bdhd 3
1516
1
hih-bfbg 1992
1101
2
bbfc-bbab 5
cde-bbab 1
1031
3
bddf-badb 2
bdf-badb 5
dcd-badb 1
240
6
che-cea 5
jaj-cea 5
be-cea 1
cac-cea 1
gbi-cea 3
cfi-cea 2
294
3
cea-cje 5
bbi-cje 5
fje-cje 1
733
4
bdg-hdd 5
bcf-hdd 1
cih-hdd 1
ejb-hdd 1
184
11
bde-bie 4
dbe-bie 1
eig-bie 3
bcai-bie 3
cdc-bie 1
hdd-bie 5
bef-bie 1
bbc-bie 1
bcc-bie 1
bae-bie 1
cfe-bie 1
1590
1
bie-bfja 1992
495
3
bfja-ejf 5
ecf-ejf 1
bgb-ejf 3
724
7
beaf-hce 5
ejf-hce 5
bchf-hce 5
eab-hce 5
dha-hce 2
bde-hce 1
gfj-hce 1
984
3
baih-jie 5
cij-jie 1
hdb-jie 1
874
3
hdg-ihe 5
hdi-ihe 5
hdj-ihe 1
1612
1
bba-bgbc 1992
478
3
jfd-ehi 5
bbeg-ehi 4
fef-ehi 1
1057
1
jbd-bafh 1992
1068
3
bcac-bagi 5
ggh-bagi 1
ehh-bagi 1
1426
1
bagi-becg 1992
1274
2
becg-bche 1
gcd-bche 1
652
3
bcb-gfc 1
bche-gfc 1
baha-gfc 1
584
3
efe-fie 5
bccf-fie 5
ffb-fie 1
350
5
ege-dfa 2
fie-dfa 2
eai-dfa 1
hab-dfa 2
bfb-dfa 1
467
2
iid-egh 5
cii-egh 1
812
2
bbgf-ibc 5
egb-ibc 1
1167
1
bbei-bbgh 1992
630
2
ihh-gda 3
bdcf-gda 1
741
2
icg-heb 5
fab-heb 1
46
4
ggg-eg 5
ffd-eg 1
cbg-eg 1
bcd-eg 1
1459
1
bdgc-befj 1992
274
2
befj-che 5
dbj-che 1
1183
1
bbdd-bbid 1992
499
2
chf-ejj 5
hif-ejj 1
206
3
cie-cag 5
ebb-cag 1
fbi-cag 1
668
3
bfc-ggi 5
cgh-ggi 5
cbc-ggi 1
1393
1
eca-bdjd 1992
839
3
fdj-idj 5
bcc-idj 5
bgf-idj 1
353
6
idj-dfd 5
bfcc-dfd 3
da-dfd 2
bga-dfd 1
bbae-dfd 1
gcb-dfd 1
688
3
baab-gii 5
ib-gii 5
cgf-gii 1
1344
3
gii-bdee 5
bcie-bdee 2
cgc-bdee 1
1144
2
bdee-bbee 5
gcj-bbee 1
518
5
ebf-fbi 5
bjb-fbi 5
dcc-fbi 1
cfg-fbi 2
eah-fbi 1
1056
1
fdd-bafg 1992
1017
2
baia-babh 1
cbg-babh 1
1128
2
babh-bbci 5
bie-bbci 1
387
2
fdg-dih 5
bbjg-dih 1
264
5
bfc-cge 5
bba-cge 4
cci-cge 2
fh-cge 1
hai-cge 1
772
3
eia-hhc 1
beff-hhc 5
fhc-hhc 2
670
4
bfgj-gha 1
gdh-gha 5
ifc-gha 5
gii-gha 5
1395
1
jig-bdjf 1992
304
4
bcib-dae 5
baaa-dae 3
fce-dae 5
ebf-dae 1
1272
2
cej-bchc 5
bdb-bchc 1
421
2
bchc-ecb 5
daj-ecb 1
527
8
bcee-fch 5
beaj-fch 4
ecb-fch 5
eae-fch 5
bfgh-fch 1
fcf-fch 4
hfc-fch 1
cjb-fch 1
663
4
jhh-ggd 5
djj-ggd 2
igd-ggd 2
cjh-ggd 1
1028
2
ejc-baci 5
egi-baci 1
129
7
iff-bcj 5
icj-bcj 2
bah-bcj 3
eac-bcj 1
cjh-bcj 1
bbf-bcj 2
cjg-bcj 1
586
6
bfj-fig 4
eib-fig 5
dec-fig 5
ejg-fig 5
bjc-fig 1
gfa-fig 1
1299
2
fig-bcjj 1
bfgi-bcjj 1
487
5
efh-eih 2
ifi-eih 4
cag-eih 2
daa-eih 2
jc-eih 1
98
5
bdjh-ji 5
beaa-ji 3
bccj-ji 5
gbe-ji 1
idd-ji 2
1091
3
bafj-bajb 2
ji-bajb 1
bdfg-bajb 1
242
4
bad-cec 4
bdg-cec 2
bajb-cec 5
bbc-cec 1
1499
1
cdg-bejj 1992
1413
2
bejj-bebd 5
babc-bebd 1
68
3
ch-gi 1
bcff-gi 5
cbe-gi 1
245
4
dab-cef 5
bha-cef 5
bfi-cef 5
bbec-cef 1
785
3
ggc-hif 1
fje-hif 1
cii-hif 1
479
4
hbj-ehj 4
bcgj-ehj 5
eci-ehj 5
baeh-ehj 1
739
4
haa-hdj 5
eci-hdj 5
jbj-hdj 1
bci-hdj 1
1524
1
jh-bfce 1992
451
3
ehc-efb 5
eib-efb 1
bbgj-efb 1
1
2
ehb-b 1
dab-b 5
272
4
jhd-chc 5
bbfj-chc 4
hba-chc 1
jfb-chc 1
438
9
egf-edi 5
gie-edi 5
ccg-edi 1
eja-edi 5
bda-edi 2
bjd-edi 2
cfj-edi 1
gah-edi 3
baib-edi 3
835
5
dh-idf 5
dii-idf 5
efa-idf 5
bajg-idf 1
jhi-idf 2
912
2
gbg-jbc 1
jca-jbc 4
288
6
baha-cii 5
cah-cii 2
ggd-cii 5
gbi-cii 5
gc-cii 1
dad-cii 2
246
4
gdg-ceg 5
cah-ceg 5
iag-ceg 5
bfa-ceg 1
910
3
gej-jba 5
cgd-jba 1
bdef-jba 1
869
4
dde-igj 5
jba-igj 5
bdie-igj 5
gih-igj 1
982
2
igj-jic 5
hff-jic 1
362
5
bdbb-dgc 1
fib-dgc 5
jic-dgc 5
bc-dgc 2
jja-dgc 1
140
3
dgc-bea 5
fif-bea 1
dgb-bea 2
369
4
bcab-dgj 2
gg-dgj 5
bea-dgj 3
ghb-dgj 1
771
5
bbaa-hhb 5
bbaj-hhb 2
gfa-hhb 5
fj-hhb 1
dfa-hhb 5
405
4
jc-eaf 3
fde-eaf 3
fgj-eaf 5
ghj-eaf 1
209
4
ghh-caj 4
jh-caj 1
eji-caj 4
eba-caj 1
797
2
bcg-hjh 1
caj-hjh 2
146
5
bef-beg 4
bja-beg 1
ea-beg 1
fei-beg 3
hgd-beg 1
766
3
ehf-hgg 1
baib-hgg 1
ddc-hgg 1
737
3
fec-hdh 5
ihb-hdh 5
baga-hdh 1
1593
1
bajd-bfjd 1992
497
4
idi-ejh 1
bbi-ejh 1
iaa-ejh 1
egb-ejh 2
512
4
eeg-fbc 1
baag-fbc 1
ejh-fbc 1
fej-fbc 1
429
3
ihi-ecj 5
gbj-ecj 1
fbc-ecj 2
650
2
bgeg-gfa 1
hbc-gfa 1
1189
3
bbdf-bbij 5
beci-bbij 1
cdd-bbij 1
504
4
baba-fae 5
bdia-fae 5
fje-fae 2
fej-fae 1
1286
1
fae-bcig 1992
1398
1
egb-bdji 1992
151
2
bdji-bfb 5
fda-bfb 1
1088
2
ffj-baii 1
bbab-baii 3
1491
1
bace-bejb 1992
884
5
cbb-iie 2
jee-iie 5
bec-iie 2
bejf-iie 5
bgc-iie 1
381
4
dhj-dib 5
bgg-dib 3
cfd-dib 4
ffd-dib 1
464
6
ifi-ege 5
ecb-ege 5
dbb-ege 2
dib-ege 2
bg-ege 1
fdb-ege 3
1643
1
behi-bged 1992
1539
2
bddd-bfdj 5
dgg-bfdj 1
550
5
bfef-ffa 5
idb-ffa 5
gch-ffa 5
df-ffa 1
dce-ffa 1
876
4
gij-ihg 5
cdj-ihg 5
bcj-ihg 1
gbf-ihg 4
378
6
ihg-dhi 5
fjf-dhi 1
fhf-dhi 3
ebh-dhi 1
bcab-dhi 1
bbbb-dhi 1
682
5
dhi-gic 5
bbga-gic 1
bjc-gic 2
fed-gic 5
gge-gic 1
335
7
eij-ddf 5
fcf-ddf 5
id-ddf 5
jh-ddf 1
eb-ddf 5
chf-ddf 1
bei-ddf 2
988
3
cei-jii 5
ddf-jii 5
bjh-jii 1
538
2
jii-fdi 5
bh-fdi 1
829
2
jie-icj 5
hbe-icj 1
1591
1
icj-bfjb 1992
104
4
bdga-bae 5
dgj-bae 2
ceg-bae 2
cd-bae 1
11
7
bgf-bb 3
bee-bb 5
bcef-bb 5
cd-bb 1
bcea-bb 1
bcb-bb 1
bae-bb 1
660
2
bhe-gga 5
gbc-gga 1
493
2
ige-ejd 5
iic-ejd 1
1214
2
bdd-bcbe 1
gda-bcbe 1
654
3
baci-gfe 5
hfa-gfe 1
bif-gfe 1
1511
1
hda-bfbb 1992
665
5
hab-ggf 1
jfj-ggf 5
feh-ggf 3
bcdj-ggf 1
ibj-ggf 1
1541
1
ggf-bfeb 1992
675
1
ggb-ghf 1992
1462
2
bgad-begc 1
ghf-begc 1
1241
1
idj-bceb 1992
708
2
hfh-hai 3
bce-hai 1
554
2
hdc-ffe 3
baba-ffe 1
844
3
efc-iee 2
baje-iee 2
bdcd-iee 1
616
4
dhh-gbg 4
dga-gbg 1
bbcb-gbg 1
hhb-gbg 1
993
1
daj-jjd 1992
790
2
fae-hja 1
gbd-hja 1
995
2
ccf-jjf 1
hja-jjf 4
1335
3
bbbg-bddf 4
bbcc-bddf 5
gig-bddf 1
458
3
eec-efi 5
icc-efi 1
eed-efi 2
743
3
bcbg-hed 5
ffe-hed 3
bfei-hed 1
127
6
bgbf-bch 5
fbh-bch 5
gad-bch 5
ecb-bch 5
dfd-bch 1
bfc-bch 1
343
5
gij-ded 5
ihf-ded 5
bdbb-ded 1
jab-ded 1
ddc-ded 2
1074
1
bcdi-bahe 1992
1124
2
gde-bbce 1
iff-bbce 2
392
3
dba-djc 1
jaj-djc 5
ddi-djc 1
1043
1
djc-baed 1992
939
4
jfj-jdj 5
ja-jdj 1
eic-jdj 3
dhb-jdj 1
1346
3
bgfb-bdeg 2
hdh-bdeg 1
iai-bdeg 1
515
1
jbh-fbf 1992
415
3
fhf-ebf 2
ijf-ebf 3
bge-ebf 1
224
4
bceh-cce 5
bdc-cce 1
hdf-cce 1
daf-cce 1
207
6
bebe-cah 5
bahc-cah 3
fac-cah 2
ih-cah 2
fde-cah 1
cce-cah 2
867
1
hag-igh 1992
1020
1
igh-baca 1992
1646
1
baca-bgeg 1992
667
1
cab-ggh 1992
978
3
bagi-jhi 5
bcj-jhi 5
fca-jhi 1
34
2
eih-de 1
bhe-de 1
1348
1
bccd-bdei 1992
641
5
hhd-geb 5
begg-geb 5
hfa-geb 3
fcb-geb 1
eff-geb 1
1431
1
bebd-bedb 1992
763
2
bedb-hgd 1
bbfa-hgd 1
13
2
bejh-bd 1
cch-bd 1
26
6
hhc-cg 1
bd-cg 3
chb-cg 2
deg-cg 1
eh-cg 1
deb-cg 1
323
3
gda-dcd 1
cg-dcd 2
cfg-dcd 1
624
3
fai-gce 3
dhb-gce 1
bdfi-gce 1
159
5
bii-bfj 5
gif-bfj 3
ded-bfj 1
jjj-bfj 5
gce-bfj 1
331
6
bbdj-ddb 2
ddd-ddb 2
bdge-ddb 3
bcea-ddb 2
eig-ddb 1
cjb-ddb 1
1249
3
jfh-bcej 5
ef-bcej 1
gif-bcej 3
1394
3
cge-bdje 1
bacj-bdje 5
bbjb-bdje 1
377
5
dgf-dhh 2
bdac-dhh 4
bbb-dhh 1
bbh-dhh 1
gbg-dhh 1
50
5
dhe-fa 5
jji-fa 4
bc-fa 3
bcb-fa 1
hg-fa 1
1202
3
had-bcac 1
fa-bcac 5
hac-bcac 2
1495
1
jhi-bejf 1992
1262
2
beih-bcgc 5
bahc-bcgc 1
133
5
bcgc-bdd 5
bjf-bdd 1
bece-bdd 5
bja-bdd 1
efa-bdd 1
1556
1
gci-bffg 1992
28
5
hfh-ci 5
bffg-ci 5
gbg-ci 3
hif-ci 1
befi-ci 1
2
3
dgj-c 1
fcd-c 5
dgc-c 1
1010
5
jdf-baba 1
ehi-baba 5
dfi-baba 4
haj-baba 2
bbfb-baba 3
1281
4
dde-bcib 5
bfgd-bcib 5
bje-bcib 5
bdcc-bcib 1
1218
3
jdd-bcbi 5
bfcf-bcbi 1
jcf-bcbi 1
271
3
bcbi-chb 5
fff-chb 3
eci-chb 1
505
3
bcja-faf 5
hid-faf 4
ice-faf 1
1237
2
faf-bcdh 5
bchf-bcdh 1
588
4
bcfh-fii 2
haf-fii 1
gde-fii 4
bagb-fii 5
1519
1
beif-bfbj 1992
1421
3
bfbj-becb 5
bcg-becb 5
jed-becb 1
1240
1
becb-bcea 1992
120
6
gaf-bca 1
cji-bca 4
eae-bca 4
cc-bca 1
gae-bca 2
bae-bca 1
363
7
bbjf-dgd 5
ifb-dgd 4
bajj-dgd 5
badi-dgd 5
feh-dgd 2
ebc-dgd 1
bfa-dgd 3
1382
1
hhg-bdic 1992
1356
2
bib-bdfg 1
bdic-bdfg 5
987
3
gfi-jih 1
bfa-jih 3
jhi-jih 1
1307
2
ibd-bdah 1
beeg-bdah 1
1551
1
bda-bffb 1992
951
3
ebb-jfb 4
cge-jfb 1
bbdb-jfb 1
59
7
ifd-fj 3
ff-fj 1
dbg-fj 5
ddg-fj 1
hfh-fj 1
bea-fj 1
bcha-fj 2
639
3
gjg-gdj 5
dib-gdj 3
cei-gdj 1
1150
2
bacc-bbfa 5
jf-bbfa 1
1063
3
beg-bagd 3
hgd-bagd 5
ibg-bagd 1
1075
2
bagd-bahf 3
ffi-bahf 1
1458
1
bahf-befi 1992
529
5
egd-fcj 2
ffb-fcj 2
hge-fcj 5
heb-fcj 1
ghc-fcj 1
1165
1
fcj-bbgf 1992
698
2
ghe-gji 2
bbgf-gji 1
1616
1
dff-bgbg 1992
228
3
bbfd-cci 5
bgbg-cci 5
haf-cci 1
1406
1
cci-beag 1992
4
1
hic-e 1992
351
3
e-dfb 5
bde-dfb 1
ehb-dfb 2
1546
1
dfb-bfeg 1992
1120
2
jcc-bbca 5
bdd-bbca 1
459
6
bbca-efj 5
bbfa-efj 5
gde-efj 3
efe-efj 3
fhc-efj 2
fje-efj 1
175
5
bci-bhf 5
ech-bhf 3
dgi-bhf 2
ca-bhf 1
jga-bhf 1
359
3
eb-dfj 2
bbah-dfj 5
ejd-dfj 1
1367
2
ghj-bdgh 1
eea-bdgh 1
1376
1
efd-bdhg 1992
623
4
egf-gcd 5
bbjd-gcd 2
bgbi-gcd 1
ja-gcd 1
30
8
bcei-da 5
beib-da 5
bhd-da 5
eej-da 3
fai-da 5
bdf-da 5
gda-da 1
ea-da 1
230
3
dd-cda 2
ejd-cda 3
jae-cda 1
991
6
cjc-jjb 2
hja-jjb 5
bdi-jjb 4
ihg-jjb 1
jif-jjb 2
ieg-jjb 2
1337
1
bffa-bddh 1992
67
1
bddh-gh 1992
557
2
e-ffh 5
fja-ffh 1
513
5
ejj-fbd 1
bih-fbd 5
hej-fbd 5
jhc-fbd 5
eai-fbd 2
1192
2
ii-bbjc 5
bbha-bbjc 1
61
2
bbjc-gb 5
bbeb-gb 1
179
6
bafb-bhj 5
ghd-bhj 2
fha-bhj 1
cb-bhj 1
hbc-bhj 1
hg-bhj 1
1108
2
bhj-bbai 5
bdch-bbai 1
593
2
cif-fjd 4
ecc-fjd 1
80
2
bfeh-ia 2
bdjd-ia 1
1481
1
bdaj-beib 1992
1552
1
iai-bffc 1992
177
3
cch-bhh 1
efe-bhh 3
bai-bhh 1
446
6
dcc-eeg 2
bfc-eeg 5
dji-eeg 4
badg-eeg 2
chg-eeg 1
cfe-eeg 2
1661
1
bdhg-bggb 1992
1528
1
fjb-bfci 1992
1254
1
jh-bcfe 1992
596
2
bcfe-fjg 5
bhg-fjg 1
1338
1
fjg-bddi 1992
220
5
eea-cca 3
bbdb-cca 4
ihg-cca 1
bbi-cca 1
ehi-cca 1
1638
2
jdi-bgdi 1
bach-bgdi 5
1369
2
bgdi-bdgj 4
hhh-bdgj 1
1442
1
jba-beec 1992
409
4
beec-eaj 5
jfa-eaj 3
eae-eaj 3
dfj-eaj 1
558
5
cdj-ffi 5
bcdd-ffi 5
cif-ffi 3
gaj-ffi 2
fed-ffi 1
276
3
iab-chg 3
edh-chg 2
hja-chg 1
1384
1
igc-bdie 1992
1419
1
bbec-bebj 1992
1326
1
bce-bdcg 1992
1448
1
bdcg-beei 1992
827
2
beei-ich 5
djd-ich 1
1109
1
ich-bbaj 1992
899
2
cff-ijj 1
iaf-ijj 3
54
1
jic-fe 1992
754
4
gac-hfe 2
bahd-hfe 5
ejg-hfe 5
dfb-hfe 1
418
3
hfe-ebi 5
ebc-ebi 1
ebd-ebi 1
656
4
bahh-gfg 5
chc-gfg 1
cef-gfg 1
jaj-gfg 1
81
4
ghd-ib 3
dea-ib 1
gia-ib 2
dad-ib 1
200
5
djj-caa 5
ecb-caa 4
bafd-caa 3
jgd-caa 1
hfg-caa 2
444
3
idg-eee 5
chb-eee 1
fgi-eee 5
43
4
bcia-ed 5
bfdc-ed 4
ech-ed 3
eb-ed 1
1558
1
ed-bffi 1992
368
5
deb-dgi 5
ibf-dgi 5
cgg-dgi 2
bbf-dgi 1
ceb-dgi 1
1607
1
bdhi-bgah 1992
914
3
de-jbe 1
fbj-jbe 5
bbig-jbe 1
33
1
babg-dd 1992
606
4
jij-gag 3
dgc-gag 3
bcba-gag 1
bahg-gag 1
308
5
bchi-dai 5
bafa-dai 5
ejb-dai 2
ebd-dai 1
chh-dai 1
145
4
dai-bef 4
fgj-bef 4
bjd-bef 1
jei-bef 1
183
4
bajd-bid 1
bef-bid 2
beh-bid 2
dec-bid 1
219
5
gjj-cbj 5
hi-cbj 2
db-cbj 2
jec-cbj 1
dcf-cbj 3
1619
1
cbj-bgbj 1992
167
5
bfgh-bgh 5
dbg-bgh 5
be-bgh 1
cej-bgh 2
cgg-bgh 1
594
3
hci-fje 1
bbac-fje 1
fba-fje 1
589
3
ebj-fij 3
fdf-fij 1
bdfi-fij 1
1267
2
bdjg-bcgh 5
cbj-bcgh 1
1655
1
bcgh-bgff 1992
1479
3
dcd-behj 2
ihb-behj 1
dbd-behj 3
1540
1
jdg-bfea 1992
51
3
bcch-fb 1
bdc-fb 3
dfa-fb 1
575
2
gad-fhf 2
ffb-fhf 1
925
3
igj-jcf 5
ghe-jcf 1
djc-jcf 1
567
3
dbh-fgh 1
jjf-fgh 1
jcf-fgh 3
1035
1
fgh-badf 1992
1503
1
jhc-bfad 1992
1058
4
bag-bafi 5
bhj-bafi 5
chi-bafi 5
bbgf-bafi 1
211
5
ihc-cbb 5
be-cbb 2
cge-cbb 5
ca-cbb 1
da-cbb 1
306
3
hcd-dag 5
eb-dag 1
jg-dag 1
297
4
jfd-cjh 4
da-cjh 2
he-cjh 1
hhf-cjh 2
1452
1
bchf-befc 1992
75
4
hie-hf 5
bdbc-hf 3
dah-hf 1
da-hf 1
858
2
bcci-ifi 2
badf-ifi 1
699
4
iii-gjj 5
hhe-gjj 2
fbi-gjj 1
cg-gjj 1
71
2
efh-hb 2
iaa-hb 1
1473
1
eda-behd 1992
1535
1
ddf-bfdf 1992
1397
2
bfdf-bdjh 5
baj-bdjh 1
383
6
bab-did 4
hid-did 2
dhg-did 3
bgj-did 2
ccj-did 1
eii-did 1
1111
1
hed-bbbb 1992
480
5
cjj-eia 1
efc-eia 2
ddb-eia 3
bfa-eia 3
efb-eia 1
1363
2
gbc-bdgd 5
gga-bdgd 1
1323
2
bdgd-bdcd 1
bbcb-bdcd 1
1034
1
ega-bade 1992
676
4
fhb-ghg 5
cej-ghg 3
fdj-ghg 1
dhh-ghg 2
1224
2
iib-bcce 1
eci-bcce 2
282
3
dhi-cic 5
igc-cic 1
bbi-cic 1
559
4
gfi-ffj 5
dfd-ffj 1
baid-ffj 1
gih-ffj 1
1493
1
badc-bejd 1992
326
2
dca-dcg 5
cd-dcg 1
475
5
jgj-ehf 3
cac-ehf 2
caa-ehf 1
hgh-ehf 1
fag-ehf 3
6
5
gic-g 5
ehc-g 2
iee-g 4
eie-g 4
bedj-g 1
888
1
bbib-iii 1992
1420
2
jjf-beca 2
ddg-beca 1
1244
6
ejh-bcee 2
ffd-bcee 4
iai-bcee 3
bdca-bcee 1
bdja-bcee 5
gdf-bcee 2
289
3
dgf-cij 5
bgi-cij 1
ch-cij 3
574
5
ebh-fhe 4
hci-fhe 4
dic-fhe 1
gge-fhe 1
jbe-fhe 1
643
1
bdbj-ged 1992
126
6
bhj-bcg 1
g-bcg 2
dbg-bcg 2
hcj-bcg 1
cah-bcg 1
dgg-bcg 1
1023
1
jgf-bacd 1992
677
3
cbc-ghh 5
fdi-ghh 1
bacj-ghh 1
330
4
bjj-dda 5
dai-dda 3
cea-dda 1
fjj-dda 1
1278
2
bcdj-bchi 1
ifh-bchi 1
1201
4
gce-bcab 4
dfi-bcab 1
jjj-bcab 2
bchi-bcab 3
1651
1
bhh-bgfb 1992
607
5
iaf-gah 5
fac-gah 2
ici-gah 1
cdd-gah 1
cjc-gah 1
157
4
bae-bfh 1
eaa-bfh 3
gcj-bfh 1
baf-bfh 1
871
2
bbcj-ihb 5
eii-ihb 1
1147
1
eg-bbeh 1992
1427
1
dfj-bech 1992
248
5
fhi-cei 3
ddf-cei 1
dgf-cei 2
ehj-cei 1
bfb-cei 1
1579
2
bejj-bfhj 4
gih-bfhj 1
279
6
jg-chj 1
fg-chj 2
bgh-chj 1
fjd-chj 1
hhi-chj 5
dia-chj 1
919
5
ejd-jbj 3
hdc-jbj 3
daa-jbj 2
jhb-jbj 2
ieg-jbj 1
1555
1
becg-bfff 1992
84
4
eeh-ie 1
dej-ie 1
haj-ie 1
fbb-ie 1
1542
2
edg-bfec 2
bdge-bfec 1
1550
1
iab-bffa 1992
1033
3
bcac-badd 5
gh-badd 1
jc-badd 1
307
3
ihj-dah 1
ehc-dah 3
ggg-dah 3
1352
1
hdc-bdfc 1992
901
2
gbe-jab 5
djh-jab 1
22
4
dgf-cc 3
jgi-cc 1
ff-cc 1
badc-cc 3
1525
1
bca-bfcf 1992
1645
1
fed-bgef 1992
1501
1
fbi-bfab 1992
16
6
baae-bg 1
bdii-bg 5
gge-bg 2
iag-bg 1
jf-bg 1
fib-bg 1
82
2
bedh-ic 5
fdf-ic 1
244
3
ic-cee 5
eej-cee 5
jhc-cee 1
617
2
ff-gbh 5
dje-gbh 1
642
2
ihd-gec 4
ffc-gec 1
702
3
gdb-hac 5
bcbg-hac 4
eif-hac 1
1294
1
bbfh-bcje 1992
629
2
ebb-gcj 5
ged-gcj 1
69
3
gjj-gj 3
baad-gj 1
edh-gj 1
1256
2
fjj-bcfg 5
bcje-bcfg 1
701
3
bcfg-hab 2
fij-hab 1
gc-hab 1
1079
2
ghi-bahj 1
fbe-bahj 1
414
5
ebb-ebe 5
bfhc-ebe 5
df-ebe 5
dgb-ebe 1
hfg-ebe 1
48
4
jfj-ei 5
bcjf-ei 3
cbh-ei 1
bbje-ei 1
786
2
fig-hig 5
che-hig 1
1610
1
ddd-bgba 1992
106
6
fic-bag 1
bfce-bag 3
bbfi-bag 1
baab-bag 1
dad-bag 1
ede-bag 1
581
3
gjb-fib 1
fgb-fib 5
bag-fib 1
203
3
icg-cad 2
ege-cad 2
edd-cad 1
55
7
gb-ff 5
cje-ff 4
bdcg-ff 2
bed-ff 2
dbd-ff 2
bdf-ff 1
ic-ff 1
1472
1
ifa-behc 1992
1053
2
cfa-bafd 5
fei-bafd 1
556
1
ffi-ffg 1992
1324
1
jfc-bdce 1992
674
3
cji-ghe 2
ggg-ghe 1
ccb-ghe 1
974
3
bbai-jhe 5
jae-jhe 2
jih-jhe 1
573
4
cih-fhd 5
hic-fhd 5
dea-fhd 1
dgi-fhd 2
1512
1
ijd-bfbc 1992
165
4
iaa-bgf 5
bd-bgf 1
baih-bgf 1
bie-bgf 1
998
2
hef-jji 5
j-jji 1
1248
1
bci-bcei 1992
1314
1
hh-bdbe 1992
501
2
dda-fab 1
dbf-fab 2
286
5
eef-cig 1
hbj-cig 5
dge-cig 1
bbac-cig 2
hdd-cig 1
1186
1
cig-bbig 1992
180
4
hi-bia 3
cch-bia 5
dac-bia 1
bjg-bia 1
1467
1
eac-begh 1992
338
6
ef-ddi 4
bjc-ddi 1
ehd-ddi 5
fib-ddi 1
cfa-ddi 1
jja-ddi 1
111
4
fdh-bbb 5
d-bbb 5
edb-bbb 2
bdh-bbb 1
1566
1
ec-bfgg 1992
752
3
gjh-hfc 5
bcdc-hfc 5
gab-hfc 1
186
2
deg-big 2
bdde-big 1
1654
1
bfcf-bgfe 1992
1219
3
hjj-bcbj 5
hgc-bcbj 2
bcch-bcbj 1
1417
2
bbgc-bebh 1
dag-bebh 1
1572
1
dgd-bfhc 1992
1127
1
icb-bbch 1992
1310
1
bbch-bdba 1992
1603
1
bdba-bgad 1992
173
4
hj-bhd 4
eed-bhd 5
gii-bhd 2
bcb-bhd 1
750
4
befe-hfa 4
dgc-hfa 5
jhg-hfa 2
bdi-hfa 1
1583
1
hfa-bfid 1992
715
3
jf-hbf 2
fcf-hbf 5
dga-hbf 1
1475
1
hdf-behf 1992
1334
2
jif-bdde 5
bid-bdde 1
1062
1
gie-bagc 1992
113
2
gca-bbd 1
bja-bbd 1
924
1
bafi-jce 1992
347
4
dj-deh 5
iji-deh 4
ifa-deh 2
gcf-deh 1
1270
2
dgg-bcha 1
deh-bcha 3
1401
2
bdde-beab 1
baai-beab 1
777
2
haa-hhh 1
ebd-hhh 1
125
4
cea-bcf 2
ddj-bcf 1
deg-bcf 1
gih-bcf 1
87
3
cgh-ih 5
bcfj-ih 2
bba-ih 1
1658
1
bie-bgfi 1992
657
4
ffb-gfh 3
bi-gfh 1
iga-gfh 5
jaj-gfh 4
1449
1
cge-beej 1992
1611
1
dib-bgbb 1992
64
1
g-ge 1992
1400
2
eeb-beaa 1
bcfj-beaa 1
109
6
bda-baj 2
eg-baj 3
db-baj 1
chf-baj 2
cjg-baj 1
ddb-baj 1
1047
1
dfd-baeh 1992
1193
1
jig-bbjd 1992
1258
1
ihe-bcfi 1992
1433
1
ceg-bedd 1992
625
3
baii-gcf 5
daf-gcf 1
cgj-gcf 5
19
8
bdbf-bj 1
dhf-bj 3
db-bj 2
hcj-bj 1
cii-bj 2
dg-bj 1
ch-bj 1
bc-bj 2
895
1
bj-ijf 1992
1379
1
iah-bdhj 1992
53
2
dhe-fd 1
dd-fd 1
837
3
gdg-idh 1
hhg-idh 1
bad-idh 1
990
1
idh-jja 1992
577
1
cba-fhh 1992
932
3
gdh-jdc 5
hbh-jdc 1
jc-jdc 1
1303
3
ch-bdad 5
dja-bdad 4
jdi-bdad 1
597
5
baij-fjh 5
ei-fjh 1
g-fjh 3
ddd-fjh 1
fdf-fjh 1
1072
1
hbg-bahc 1992
280
4
jej-cia 4
jj-cia 2
cce-cia 1
eie-cia 5
344
3
cia-dee 3
fji-dee 5
dej-dee 1
1567
1
bbie-bfgh 1992
1564
1
chj-bfge 1992
608
2
gff-gai 2
daa-gai 1
15
1
hi-bf 1992
1647
1
bece-bgeh 1992
1143
1
jc-bbed 1992
1083
2
bejd-baid 2
ib-baid 1
0
1
cd-a 1992
507
1
jbj-fah 1992
1025
1
ifd-bacf 1992
1461
1
iie-begb 1992
1246
1
cca-bceg 1992
169
5
bffe-bgj 2
hch-bgj 3
djh-bgj 1
jai-bgj 2
hbh-bgj 1
943
1
djc-jed 1992
534
3
jj-fde 3
fih-fde 1
egb-fde 1
1199
1
cig-bbjj 1992
769
1
bbjj-hgj 1992
1387
1
ijf-bdih 1992
24
3
jag-ce 5
ef-ce 1
jgf-ce 2
370
3
dji-dha 2
ecg-dha 1
jhi-dha 1
1139
1
ghi-bbdj 1992
1620
1
hjh-bgca 1992
1648
1
bgca-bgei 1992
1532
1
bfbc-bfdc 1992
95
3
iae-jf 2
gbd-jf 4
dfc-jf 1
1082
3
bcgg-baic 1
iaa-baic 1
babi-baic 1
462
2
ddc-egc 3
ccj-egc 1
807
2
fei-iah 1
dad-iah 4
1036
2
bbbf-badg 1
jhi-badg 1
1227
1
hjg-bcch 1992
86
1
baif-ig 1992
1488
1
cbe-beii 1992
424
4
eaa-ece 5
ecd-ece 1
ici-ece 2
eeh-ece 1
1424
1
fii-bece 1992
295
2
dba-cjf 1
cgb-cjf 1
1297
1
dch-bcjh 1992
134
6
gge-bde 4
bba-bde 2
iah-bde 4
beec-bde 2
bdh-bde 1
hhi-bde 1
1411
1
bgf-bebb 1992
659
1
bdba-gfj 1992
1381
1
bcfi-bdib 1992
1416
1
idj-bebg 1992
822
2
edb-icc 1
fdh-icc 2
1191
2
gje-bbjb 1
ffj-bbjb 3
1570
1
cga-bfha 1992
1522
1
gga-bfcc 1992
296
1
cgb-cjg 1992
348
1
fif-dei 1992
1549
1
bdia-bfej 1992
226
5
hjh-ccg 1
bih-ccg 1
hde-ccg 1
ide-ccg 1
bahi-ccg 3
416
3
fga-ebg 3
ghg-ebg 1
dcf-ebg 2
93
2
fhj-jd 1
cae-jd 1
1605
1
beab-bgaf 1992
1615
1
bbfa-bgbf 1992
1486
2
bedd-beig 2
baf-beig 1
755
3
bacc-hff 1
hge-hff 2
bbci-hff 1
644
1
dda-gee 1992
56
1
bfaf-fg 1992
938
1
dfb-jdi 1992
1518
1
jjc-bfbi 1992
1405
1
geb-beaf 1992
412
3
baej-ebc 3
bjg-ebc 1
ecb-ebc 1
390
2
bdhi-dja 1
bhe-dja 1
1213
1
baca-bcbd 1992
1315
1
hf-bdbf 1992
587
3
id-fih 3
bcc-fih 1
ed-fih 1
1257
1
egd-bcfh 1992
1320
1
fej-bdca 1992
1581
1
bdca-bfib 1992
948
2
jja-jei 1
eff-jei 1
1252
1
cig-bcfc 1992
10
1
dhf-ba 1992
686
4
ijf-gig 2
cec-gig 1
bbe-gig 1
gj-gig 1
834
1
fgc-ide 1992
1115
2
cef-bbbf 3
faj-bbbf 1
1560
2
bfj-bfga 1
dcg-bfga 1
247
4
eeg-ceh 2
gdd-ceh 2
bje-ceh 1
cic-ceh 1
1312
1
bcgf-bdbc 1992
722
2
iee-hcc 1
cie-hcc 1
1644
1
hjf-bgee 1992
1454
1
fif-befe 1992
1311
1
jeh-bdbb 1992
516
2
dff-fbg 1
edb-fbg 2
605
1
bjh-gaf 1992
39
2
ef-dj 1
cbh-dj 1
1037
1
bbgj-badh 1992
1637
1
hhh-bgdh 1992
1331
1
bbbg-bddb 1992
963
1
ghb-jgd 1992
65
1
cgh-gf 1992
1260
1
ghc-bcga 1992
1096
2
fi-bajg 2
cgf-bajg 1
971
1
ejg-jhb 1992
602
1
cca-gac 1992
1389
1
fbg-bdij 1992
1263
1
gba-bcgd 1992
395
1
eha-djf 1992
1306
1
badg-bdag 1992
208
1
jda-cai 1992
1597
1
bcga-bfjh 1992
866
1
babd-igg 1992
937
1
ea-jdh 1992
1624
1
bacd-bgce 1992
1457
1
heh-befh 1992
91
2
bhe-jb 1
bc-jb 1
1553
1
egi-bffd 1992
1584
1
ceh-bfie 1992
1242
1
dgj-bcec 1992
1132
1
jh-bbdc 1992
691
1
ebc-gjb 1992
989
1
ge-jij 1992
891
1
ega-ijb 1992
1179
1
c-bbhj 1992
